<?xml version="1.0" encoding="UTF-8"?>
<robot generator="Robot 7.4.1 (Python 3.13.12 on darwin)" generated="2026-02-19T22:28:17.461340" rpa="false" schemaversion="5">
<suite id="s1" name="Hotel Booking" source="/Users/ingkharutruttana-o-pha/Desktop/6633291521_robot_framework/testcases/master/hotel_booking.robot">
<test id="s1-t1" name="Verify registration form with all input field" line="9">
<kw name="Open browser registration form" owner="hotel_booking">
<kw name="Open Browser" owner="SeleniumLibrary">
<msg time="2026-02-19T22:28:17.515454" level="INFO">Opening browser 'safari' to base url 'https://panaryco.wixsite.com/myhotel'.</msg>
<arg>${WEB_URL}</arg>
<arg>${WEB_BROWSER}</arg>
<doc>Opens a new browser instance to the optional ``url``.</doc>
<status status="PASS" start="2026-02-19T22:28:17.515359" elapsed="1.237786"/>
</kw>
<kw name="Maximize Browser Window" owner="SeleniumLibrary">
<doc>Maximizes current browser window.</doc>
<status status="PASS" start="2026-02-19T22:28:18.753700" elapsed="0.017567"/>
</kw>
<kw name="Sleep" owner="BuiltIn">
<msg time="2026-02-19T22:28:20.773890" level="INFO">Slept 2 seconds.</msg>
<arg>2</arg>
<doc>Pauses the test executed for the given time.</doc>
<status status="PASS" start="2026-02-19T22:28:18.771524" elapsed="2.002744"/>
</kw>
<status status="PASS" start="2026-02-19T22:28:17.515106" elapsed="3.259532"/>
</kw>
<kw name="Wait registration load complete" owner="hotel_booking">
<kw name="Wait Until Element Is Visible" owner="SeleniumLibrary">
<arg>//*[@id="comp-lt33fcq1"]</arg>
<doc>Waits until the element ``locator`` is visible.</doc>
<status status="PASS" start="2026-02-19T22:28:20.776271" elapsed="0.018945"/>
</kw>
<status status="PASS" start="2026-02-19T22:28:20.775514" elapsed="0.019995"/>
</kw>
<kw name="Input and verify firstname" owner="hotel_booking">
<kw name="Input Text" owner="SeleniumLibrary">
<msg time="2026-02-19T22:28:20.796826" level="INFO">Typing text 'firstName' into text field '//*[@id="input_comp-lt33fcq41"]'.</msg>
<arg>//*[@id="input_comp-lt33fcq41"]</arg>
<arg>${hotel_booking_firstname}</arg>
<doc>Types the given ``text`` into the text field identified by ``locator``.</doc>
<status status="PASS" start="2026-02-19T22:28:20.796460" elapsed="0.061948"/>
</kw>
<kw name="Get Value" owner="SeleniumLibrary">
<msg time="2026-02-19T22:28:20.863764" level="INFO">${firstname} = firstName</msg>
<var>${firstname}</var>
<arg>//*[@id="input_comp-lt33fcq41"]</arg>
<doc>Returns the value attribute of the element identified by ``locator``.</doc>
<status status="PASS" start="2026-02-19T22:28:20.858568" elapsed="0.005234"/>
</kw>
<kw name="Should Be Equal" owner="BuiltIn">
<arg>${firstname}</arg>
<arg>${hotel_booking_firstname}</arg>
<doc>Fails if the given objects are unequal.</doc>
<status status="PASS" start="2026-02-19T22:28:20.863944" elapsed="0.000308"/>
</kw>
<status status="PASS" start="2026-02-19T22:28:20.795956" elapsed="0.068357"/>
</kw>
<kw name="Input and verify lastname" owner="hotel_booking">
<kw name="Input Text" owner="SeleniumLibrary">
<msg time="2026-02-19T22:28:20.864797" level="INFO">Typing text 'lastName' into text field '//*[@id="input_comp-lt33fcs1"]'.</msg>
<arg>//*[@id="input_comp-lt33fcs1"]</arg>
<arg>${hotel_booking_lastname}</arg>
<doc>Types the given ``text`` into the text field identified by ``locator``.</doc>
<status status="PASS" start="2026-02-19T22:28:20.864652" elapsed="0.030823"/>
</kw>
<kw name="Get Value" owner="SeleniumLibrary">
<msg time="2026-02-19T22:28:20.901195" level="INFO">${lastName} = lastName</msg>
<var>${lastName}</var>
<arg>//*[@id="input_comp-lt33fcs1"]</arg>
<doc>Returns the value attribute of the element identified by ``locator``.</doc>
<status status="PASS" start="2026-02-19T22:28:20.895651" elapsed="0.005596"/>
</kw>
<kw name="Should Be Equal" owner="BuiltIn">
<arg>${lastName}</arg>
<arg>${hotel_booking_lastname}</arg>
<doc>Fails if the given objects are unequal.</doc>
<status status="PASS" start="2026-02-19T22:28:20.901417" elapsed="0.000359"/>
</kw>
<status status="PASS" start="2026-02-19T22:28:20.864477" elapsed="0.037397"/>
</kw>
<kw name="Input and verify phone" owner="hotel_booking">
<kw name="Input Text" owner="SeleniumLibrary">
<msg time="2026-02-19T22:28:20.902674" level="INFO">Typing text '000000000' into text field '//*[@id="input_comp-lt33fcsi1"]'.</msg>
<arg>//*[@id="input_comp-lt33fcsi1"]</arg>
<arg>${hotel_booking_mobile_phone}</arg>
<doc>Types the given ``text`` into the text field identified by ``locator``.</doc>
<status status="PASS" start="2026-02-19T22:28:20.902412" elapsed="0.021512"/>
</kw>
<kw name="Get Value" owner="SeleniumLibrary">
<msg time="2026-02-19T22:28:20.928778" level="INFO">${phone} = 000000000</msg>
<var>${phone}</var>
<arg>//*[@id="input_comp-lt33fcsi1"]</arg>
<doc>Returns the value attribute of the element identified by ``locator``.</doc>
<status status="PASS" start="2026-02-19T22:28:20.924121" elapsed="0.004735"/>
</kw>
<kw name="Should Be Equal" owner="BuiltIn">
<arg>${phone}</arg>
<arg>${hotel_booking_mobile_phone}</arg>
<doc>Fails if the given objects are unequal.</doc>
<status status="PASS" start="2026-02-19T22:28:20.929011" elapsed="0.000283"/>
</kw>
<status status="PASS" start="2026-02-19T22:28:20.902152" elapsed="0.027201"/>
</kw>
<kw name="Input and verify email" owner="hotel_booking">
<kw name="Input Text" owner="SeleniumLibrary">
<msg time="2026-02-19T22:28:20.929871" level="INFO">Typing text 'studentName@chula.ac.th' into text field '//*[@id="input_comp-lt33fcsf1"]'.</msg>
<arg>//*[@id="input_comp-lt33fcsf1"]</arg>
<arg>${hotel_booking_email}</arg>
<doc>Types the given ``text`` into the text field identified by ``locator``.</doc>
<status status="PASS" start="2026-02-19T22:28:20.929720" elapsed="0.041711"/>
</kw>
<kw name="Get Value" owner="SeleniumLibrary">
<msg time="2026-02-19T22:28:20.977298" level="INFO">${emailAddress} = studentName@chula.ac.th</msg>
<var>${emailAddress}</var>
<arg>//*[@id="input_comp-lt33fcsf1"]</arg>
<doc>Returns the value attribute of the element identified by ``locator``.</doc>
<status status="PASS" start="2026-02-19T22:28:20.971626" elapsed="0.005717"/>
</kw>
<kw name="Should Be Equal" owner="BuiltIn">
<arg>${emailAddress}</arg>
<arg>${hotel_booking_email}</arg>
<doc>Fails if the given objects are unequal.</doc>
<status status="PASS" start="2026-02-19T22:28:20.977502" elapsed="0.000314"/>
</kw>
<status status="PASS" start="2026-02-19T22:28:20.929528" elapsed="0.048354"/>
</kw>
<kw name="Scroll to bottom and wait" owner="hotel_booking">
<kw name="Execute Javascript" owner="SeleniumLibrary">
<msg time="2026-02-19T22:28:20.978584" level="INFO">Executing JavaScript:
window.scrollTo(0, document.body.scrollHeight)
Without any arguments.</msg>
<arg>window.scrollTo(0, document.body.scrollHeight)</arg>
<doc>Executes the given JavaScript code with possible arguments.</doc>
<status status="PASS" start="2026-02-19T22:28:20.978246" elapsed="0.003150"/>
</kw>
<kw name="Sleep" owner="BuiltIn">
<msg time="2026-02-19T22:28:22.982232" level="INFO">Slept 2 seconds.</msg>
<arg>2s</arg>
<doc>Pauses the test executed for the given time.</doc>
<status status="PASS" start="2026-02-19T22:28:20.981570" elapsed="2.001004"/>
</kw>
<status status="PASS" start="2026-02-19T22:28:20.978044" elapsed="2.004776"/>
</kw>
<kw name="Select and verify numberOfAdult" owner="hotel_booking">
<kw name="Click Element" owner="commonKeywords">
<kw name="Wait Until Element Is Visible" owner="SeleniumLibrary">
<arg>${locator}</arg>
<arg>timeout=${timeout}</arg>
<doc>Waits until the element ``locator`` is visible.</doc>
<status status="PASS" start="2026-02-19T22:28:22.986743" elapsed="0.013163"/>
</kw>
<kw name="Click Element" owner="SeleniumLibrary">
<msg time="2026-02-19T22:28:23.000719" level="INFO">Clicking element '//*[@id="collection_comp-lt33fcsl1"]'.</msg>
<arg>${locator}</arg>
<doc>Click the element identified by ``locator``.</doc>
<status status="PASS" start="2026-02-19T22:28:23.000324" elapsed="0.040999"/>
</kw>
<arg>//*[@id="collection_comp-lt33fcsl1"]</arg>
<doc>${locator} - could be any selenium locator and webelement object
${timeout} - &lt;optional&gt;
Make sure that 15 can be accessed globally</doc>
<status status="PASS" start="2026-02-19T22:28:22.986131" elapsed="0.055431"/>
</kw>
<kw name="Wait Until Element Contains" owner="SeleniumLibrary">
<arg>//*[@id="menuitem-1"]</arg>
<arg>2</arg>
<doc>Waits until the element ``locator`` contains ``text``.</doc>
<status status="PASS" start="2026-02-19T22:28:23.042107" elapsed="0.009153"/>
</kw>
<kw name="Click Element" owner="commonKeywords">
<kw name="Wait Until Element Is Visible" owner="SeleniumLibrary">
<arg>${locator}</arg>
<arg>timeout=${timeout}</arg>
<doc>Waits until the element ``locator`` is visible.</doc>
<status status="PASS" start="2026-02-19T22:28:23.053072" elapsed="0.005912"/>
</kw>
<kw name="Click Element" owner="SeleniumLibrary">
<msg time="2026-02-19T22:28:23.059721" level="INFO">Clicking element '//*[@id="menuitem-1"]'.</msg>
<arg>${locator}</arg>
<doc>Click the element identified by ``locator``.</doc>
<status status="PASS" start="2026-02-19T22:28:23.059330" elapsed="0.017338"/>
</kw>
<arg>//*[@id="menuitem-1"]</arg>
<doc>${locator} - could be any selenium locator and webelement object
${timeout} - &lt;optional&gt;
Make sure that 15 can be accessed globally</doc>
<status status="PASS" start="2026-02-19T22:28:23.052804" elapsed="0.023971"/>
</kw>
<kw name="Get Value" owner="SeleniumLibrary">
<msg time="2026-02-19T22:28:23.081842" level="INFO">${numberOfAdult} = 2</msg>
<var>${numberOfAdult}</var>
<arg>//*[@id="collection_comp-lt33fcsl1"]</arg>
<doc>Returns the value attribute of the element identified by ``locator``.</doc>
<status status="PASS" start="2026-02-19T22:28:23.076917" elapsed="0.004969"/>
</kw>
<kw name="Should Be Equal" owner="BuiltIn">
<arg>${numberOfAdult}</arg>
<arg>${number_of_adults}</arg>
<doc>Fails if the given objects are unequal.</doc>
<status status="PASS" start="2026-02-19T22:28:23.082021" elapsed="0.000310"/>
</kw>
<status status="PASS" start="2026-02-19T22:28:22.983437" elapsed="0.098956"/>
</kw>
<kw name="Select pet option" owner="hotel_booking">
<kw name="Click Element" owner="commonKeywords">
<kw name="Wait Until Element Is Visible" owner="SeleniumLibrary">
<arg>${locator}</arg>
<arg>timeout=${timeout}</arg>
<doc>Waits until the element ``locator`` is visible.</doc>
<status status="PASS" start="2026-02-19T22:28:23.084036" elapsed="0.007074"/>
</kw>
<kw name="Click Element" owner="SeleniumLibrary">
<msg time="2026-02-19T22:28:23.091906" level="INFO">Clicking element '//div[@data-testid="radioGroup"]//*[text()="Yes"]'.</msg>
<arg>${locator}</arg>
<doc>Click the element identified by ``locator``.</doc>
<status status="PASS" start="2026-02-19T22:28:23.091474" elapsed="0.016171"/>
</kw>
<arg>//div[@data-testid="radioGroup"]//*[text()="Yes"]</arg>
<doc>${locator} - could be any selenium locator and webelement object
${timeout} - &lt;optional&gt;
Make sure that 15 can be accessed globally</doc>
<status status="PASS" start="2026-02-19T22:28:23.083640" elapsed="0.024108"/>
</kw>
<status status="PASS" start="2026-02-19T22:28:23.082552" elapsed="0.025244"/>
</kw>
<kw name="Select and verify note" owner="hotel_booking">
<kw name="Input Text" owner="SeleniumLibrary">
<msg time="2026-02-19T22:28:23.108507" level="INFO">Typing text 'note' into text field '//*[@id="input_comp-lt33fct3"]'.</msg>
<arg>//*[@id="input_comp-lt33fct3"]</arg>
<arg>${hotel_booking_note}</arg>
<doc>Types the given ``text`` into the text field identified by ``locator``.</doc>
<status status="PASS" start="2026-02-19T22:28:23.108317" elapsed="0.016553"/>
</kw>
<kw name="Get Value" owner="SeleniumLibrary">
<msg time="2026-02-19T22:28:23.129722" level="INFO">${note} = note</msg>
<var>${note}</var>
<arg>//*[@id="input_comp-lt33fct3"]</arg>
<doc>Returns the value attribute of the element identified by ``locator``.</doc>
<status status="PASS" start="2026-02-19T22:28:23.125051" elapsed="0.004708"/>
</kw>
<kw name="Should Be Equal" owner="BuiltIn">
<arg>${note}</arg>
<arg>${hotel_booking_note}</arg>
<doc>Fails if the given objects are unequal.</doc>
<status status="PASS" start="2026-02-19T22:28:23.129888" elapsed="0.000287"/>
</kw>
<status status="PASS" start="2026-02-19T22:28:23.108075" elapsed="0.022160"/>
</kw>
<kw name="Click accept term" owner="hotel_booking">
<kw name="Click Element" owner="commonKeywords">
<kw name="Wait Until Element Is Visible" owner="SeleniumLibrary">
<arg>${locator}</arg>
<arg>timeout=${timeout}</arg>
<doc>Waits until the element ``locator`` is visible.</doc>
<status status="PASS" start="2026-02-19T22:28:23.131638" elapsed="0.006820"/>
</kw>
<kw name="Click Element" owner="SeleniumLibrary">
<msg time="2026-02-19T22:28:23.139165" level="INFO">Clicking element '//*[@id="comp-ltubl84u"]'.</msg>
<arg>${locator}</arg>
<doc>Click the element identified by ``locator``.</doc>
<status status="PASS" start="2026-02-19T22:28:23.138799" elapsed="0.019578"/>
</kw>
<arg>//*[@id="comp-ltubl84u"]</arg>
<doc>${locator} - could be any selenium locator and webelement object
${timeout} - &lt;optional&gt;
Make sure that 15 can be accessed globally</doc>
<status status="PASS" start="2026-02-19T22:28:23.131432" elapsed="0.027051"/>
</kw>
<status status="PASS" start="2026-02-19T22:28:23.130391" elapsed="0.028144"/>
</kw>
<kw name="Click submit form" owner="hotel_booking">
<kw name="Click Element" owner="commonKeywords">
<kw name="Wait Until Element Is Visible" owner="SeleniumLibrary">
<arg>${locator}</arg>
<arg>timeout=${timeout}</arg>
<doc>Waits until the element ``locator`` is visible.</doc>
<status status="PASS" start="2026-02-19T22:28:23.160174" elapsed="0.005647"/>
</kw>
<kw name="Click Element" owner="SeleniumLibrary">
<msg time="2026-02-19T22:28:23.166325" level="INFO">Clicking element '//*[@class="l7_2fn wixui-button__label"]'.</msg>
<arg>${locator}</arg>
<doc>Click the element identified by ``locator``.</doc>
<status status="PASS" start="2026-02-19T22:28:23.166051" elapsed="0.025030"/>
</kw>
<arg>//*[@class="l7_2fn wixui-button__label"]</arg>
<doc>${locator} - could be any selenium locator and webelement object
${timeout} - &lt;optional&gt;
Make sure that 15 can be accessed globally</doc>
<status status="PASS" start="2026-02-19T22:28:23.159930" elapsed="0.031246"/>
</kw>
<status status="PASS" start="2026-02-19T22:28:23.158745" elapsed="0.032477"/>
</kw>
<kw name="Verify success submit message" owner="hotel_booking">
<kw name="Wait Until Element Contains" owner="SeleniumLibrary">
<arg>xpath=//*[contains(text(),'Thanks for submitting!')]</arg>
<arg>${test_data_sccess_submit_message}</arg>
<doc>Waits until the element ``locator`` contains ``text``.</doc>
<status status="PASS" start="2026-02-19T22:28:23.191631" elapsed="0.005049"/>
</kw>
<status status="PASS" start="2026-02-19T22:28:23.191416" elapsed="0.005350"/>
</kw>
<kw name="Close All Browsers" owner="SeleniumLibrary" type="TEARDOWN">
<doc>Closes all open browsers and resets the browser cache.</doc>
<status status="PASS" start="2026-02-19T22:28:23.197009" elapsed="0.222425"/>
</kw>
<tag>All Input</tag>
<status status="PASS" start="2026-02-19T22:28:17.514843" elapsed="5.904949"/>
</test>
<test id="s1-t2" name="Verify registration form with single fault firstname" line="25">
<kw name="Open browser registration form" owner="hotel_booking">
<kw name="Open Browser" owner="SeleniumLibrary">
<msg time="2026-02-19T22:28:23.421187" level="INFO">Opening browser 'safari' to base url 'https://panaryco.wixsite.com/myhotel'.</msg>
<arg>${WEB_URL}</arg>
<arg>${WEB_BROWSER}</arg>
<doc>Opens a new browser instance to the optional ``url``.</doc>
<status status="PASS" start="2026-02-19T22:28:23.420971" elapsed="1.435832"/>
</kw>
<kw name="Maximize Browser Window" owner="SeleniumLibrary">
<doc>Maximizes current browser window.</doc>
<status status="PASS" start="2026-02-19T22:28:24.857158" elapsed="0.011472"/>
</kw>
<kw name="Sleep" owner="BuiltIn">
<msg time="2026-02-19T22:28:26.870907" level="INFO">Slept 2 seconds.</msg>
<arg>2</arg>
<doc>Pauses the test executed for the given time.</doc>
<status status="PASS" start="2026-02-19T22:28:24.868812" elapsed="2.002411"/>
</kw>
<status status="PASS" start="2026-02-19T22:28:23.420713" elapsed="3.450798"/>
</kw>
<kw name="Wait registration load complete" owner="hotel_booking">
<kw name="Wait Until Element Is Visible" owner="SeleniumLibrary">
<arg>//*[@id="comp-lt33fcq1"]</arg>
<doc>Waits until the element ``locator`` is visible.</doc>
<status status="PASS" start="2026-02-19T22:28:26.872884" elapsed="0.019543"/>
</kw>
<status status="PASS" start="2026-02-19T22:28:26.872207" elapsed="0.020456"/>
</kw>
<kw name="Verify firstname is empty" owner="hotel_booking">
<kw name="Get Value" owner="SeleniumLibrary">
<msg time="2026-02-19T22:28:26.904265" level="INFO">${firstname} = </msg>
<var>${firstname}</var>
<arg>//*[@id="input_comp-lt33fcq41"]</arg>
<doc>Returns the value attribute of the element identified by ``locator``.</doc>
<status status="PASS" start="2026-02-19T22:28:26.893852" elapsed="0.010497"/>
</kw>
<kw name="Should Be Equal" owner="BuiltIn">
<arg>${firstname}</arg>
<arg>${EMPTY}</arg>
<doc>Fails if the given objects are unequal.</doc>
<status status="PASS" start="2026-02-19T22:28:26.904678" elapsed="0.001039"/>
</kw>
<status status="PASS" start="2026-02-19T22:28:26.893236" elapsed="0.012596"/>
</kw>
<kw name="Input and verify lastname" owner="hotel_booking">
<kw name="Input Text" owner="SeleniumLibrary">
<msg time="2026-02-19T22:28:26.906730" level="INFO">Typing text 'lastName' into text field '//*[@id="input_comp-lt33fcs1"]'.</msg>
<arg>//*[@id="input_comp-lt33fcs1"]</arg>
<arg>${hotel_booking_lastname}</arg>
<doc>Types the given ``text`` into the text field identified by ``locator``.</doc>
<status status="PASS" start="2026-02-19T22:28:26.906455" elapsed="0.065817"/>
</kw>
<kw name="Get Value" owner="SeleniumLibrary">
<msg time="2026-02-19T22:28:26.977848" level="INFO">${lastName} = lastName</msg>
<var>${lastName}</var>
<arg>//*[@id="input_comp-lt33fcs1"]</arg>
<doc>Returns the value attribute of the element identified by ``locator``.</doc>
<status status="PASS" start="2026-02-19T22:28:26.972452" elapsed="0.005441"/>
</kw>
<kw name="Should Be Equal" owner="BuiltIn">
<arg>${lastName}</arg>
<arg>${hotel_booking_lastname}</arg>
<doc>Fails if the given objects are unequal.</doc>
<status status="PASS" start="2026-02-19T22:28:26.978045" elapsed="0.000323"/>
</kw>
<status status="PASS" start="2026-02-19T22:28:26.906142" elapsed="0.072291"/>
</kw>
<kw name="Input and verify phone" owner="hotel_booking">
<kw name="Input Text" owner="SeleniumLibrary">
<msg time="2026-02-19T22:28:26.978937" level="INFO">Typing text '000000000' into text field '//*[@id="input_comp-lt33fcsi1"]'.</msg>
<arg>//*[@id="input_comp-lt33fcsi1"]</arg>
<arg>${hotel_booking_mobile_phone}</arg>
<doc>Types the given ``text`` into the text field identified by ``locator``.</doc>
<status status="PASS" start="2026-02-19T22:28:26.978784" elapsed="0.025639"/>
</kw>
<kw name="Get Value" owner="SeleniumLibrary">
<msg time="2026-02-19T22:28:27.009334" level="INFO">${phone} = 000000000</msg>
<var>${phone}</var>
<arg>//*[@id="input_comp-lt33fcsi1"]</arg>
<doc>Returns the value attribute of the element identified by ``locator``.</doc>
<status status="PASS" start="2026-02-19T22:28:27.004595" elapsed="0.004776"/>
</kw>
<kw name="Should Be Equal" owner="BuiltIn">
<arg>${phone}</arg>
<arg>${hotel_booking_mobile_phone}</arg>
<doc>Fails if the given objects are unequal.</doc>
<status status="PASS" start="2026-02-19T22:28:27.009504" elapsed="0.000305"/>
</kw>
<status status="PASS" start="2026-02-19T22:28:26.978602" elapsed="0.031267"/>
</kw>
<kw name="Input and verify email" owner="hotel_booking">
<kw name="Input Text" owner="SeleniumLibrary">
<msg time="2026-02-19T22:28:27.010350" level="INFO">Typing text 'studentName@chula.ac.th' into text field '//*[@id="input_comp-lt33fcsf1"]'.</msg>
<arg>//*[@id="input_comp-lt33fcsf1"]</arg>
<arg>${hotel_booking_email}</arg>
<doc>Types the given ``text`` into the text field identified by ``locator``.</doc>
<status status="PASS" start="2026-02-19T22:28:27.010201" elapsed="0.044022"/>
</kw>
<kw name="Get Value" owner="SeleniumLibrary">
<msg time="2026-02-19T22:28:27.059422" level="INFO">${emailAddress} = studentName@chula.ac.th</msg>
<var>${emailAddress}</var>
<arg>//*[@id="input_comp-lt33fcsf1"]</arg>
<doc>Returns the value attribute of the element identified by ``locator``.</doc>
<status status="PASS" start="2026-02-19T22:28:27.054387" elapsed="0.005075"/>
</kw>
<kw name="Should Be Equal" owner="BuiltIn">
<arg>${emailAddress}</arg>
<arg>${hotel_booking_email}</arg>
<doc>Fails if the given objects are unequal.</doc>
<status status="PASS" start="2026-02-19T22:28:27.059607" elapsed="0.000299"/>
</kw>
<status status="PASS" start="2026-02-19T22:28:27.010029" elapsed="0.049936"/>
</kw>
<kw name="Scroll to bottom and wait" owner="hotel_booking">
<kw name="Execute Javascript" owner="SeleniumLibrary">
<msg time="2026-02-19T22:28:27.060632" level="INFO">Executing JavaScript:
window.scrollTo(0, document.body.scrollHeight)
Without any arguments.</msg>
<arg>window.scrollTo(0, document.body.scrollHeight)</arg>
<doc>Executes the given JavaScript code with possible arguments.</doc>
<status status="PASS" start="2026-02-19T22:28:27.060313" elapsed="0.002882"/>
</kw>
<kw name="Sleep" owner="BuiltIn">
<msg time="2026-02-19T22:28:29.065538" level="INFO">Slept 2 seconds.</msg>
<arg>2s</arg>
<doc>Pauses the test executed for the given time.</doc>
<status status="PASS" start="2026-02-19T22:28:27.063331" elapsed="2.002508"/>
</kw>
<status status="PASS" start="2026-02-19T22:28:27.060126" elapsed="2.005953"/>
</kw>
<kw name="Verify numberOfAdult is empty" owner="hotel_booking">
<kw name="Get Value" owner="SeleniumLibrary">
<msg time="2026-02-19T22:28:29.078232" level="INFO">${numberOfAdult} = </msg>
<var>${numberOfAdult}</var>
<arg>//*[@id="collection_comp-lt33fcsl1"]</arg>
<doc>Returns the value attribute of the element identified by ``locator``.</doc>
<status status="PASS" start="2026-02-19T22:28:29.067300" elapsed="0.011013"/>
</kw>
<kw name="Should Be Equal" owner="BuiltIn">
<arg>${numberOfAdult}</arg>
<arg>${EMPTY}</arg>
<doc>Fails if the given objects are unequal.</doc>
<status status="PASS" start="2026-02-19T22:28:29.078635" elapsed="0.001064"/>
</kw>
<status status="PASS" start="2026-02-19T22:28:29.066673" elapsed="0.013132"/>
</kw>
<kw name="Click accept term" owner="hotel_booking">
<kw name="Click Element" owner="commonKeywords">
<kw name="Wait Until Element Is Visible" owner="SeleniumLibrary">
<arg>${locator}</arg>
<arg>timeout=${timeout}</arg>
<doc>Waits until the element ``locator`` is visible.</doc>
<status status="PASS" start="2026-02-19T22:28:29.081822" elapsed="0.009895"/>
</kw>
<kw name="Click Element" owner="SeleniumLibrary">
<msg time="2026-02-19T22:28:29.092505" level="INFO">Clicking element '//*[@id="comp-ltubl84u"]'.</msg>
<arg>${locator}</arg>
<doc>Click the element identified by ``locator``.</doc>
<status status="PASS" start="2026-02-19T22:28:29.092104" elapsed="0.036760"/>
</kw>
<arg>//*[@id="comp-ltubl84u"]</arg>
<doc>${locator} - could be any selenium locator and webelement object
${timeout} - &lt;optional&gt;
Make sure that 15 can be accessed globally</doc>
<status status="PASS" start="2026-02-19T22:28:29.081520" elapsed="0.047518"/>
</kw>
<status status="PASS" start="2026-02-19T22:28:29.080101" elapsed="0.048997"/>
</kw>
<kw name="Click submit form" owner="hotel_booking">
<kw name="Click Element" owner="commonKeywords">
<kw name="Wait Until Element Is Visible" owner="SeleniumLibrary">
<arg>${locator}</arg>
<arg>timeout=${timeout}</arg>
<doc>Waits until the element ``locator`` is visible.</doc>
<status status="PASS" start="2026-02-19T22:28:29.130903" elapsed="0.006704"/>
</kw>
<kw name="Click Element" owner="SeleniumLibrary">
<msg time="2026-02-19T22:28:29.137942" level="INFO">Clicking element '//*[@class="l7_2fn wixui-button__label"]'.</msg>
<arg>${locator}</arg>
<doc>Click the element identified by ``locator``.</doc>
<status status="PASS" start="2026-02-19T22:28:29.137762" elapsed="0.013364"/>
</kw>
<arg>//*[@class="l7_2fn wixui-button__label"]</arg>
<doc>${locator} - could be any selenium locator and webelement object
${timeout} - &lt;optional&gt;
Make sure that 15 can be accessed globally</doc>
<status status="PASS" start="2026-02-19T22:28:29.130660" elapsed="0.020619"/>
</kw>
<status status="PASS" start="2026-02-19T22:28:29.129479" elapsed="0.021868"/>
</kw>
<kw name="Verify missing input message" owner="hotel_booking">
<kw name="Execute Javascript" owner="SeleniumLibrary">
<msg time="2026-02-19T22:28:29.152852" level="INFO">Executing JavaScript:
return document.getElementById("input_comp-lt33fcq41").validationMessage;
Without any arguments.</msg>
<msg time="2026-02-19T22:28:29.172751" level="INFO">${message} = Fill out this field</msg>
<var>${message}</var>
<arg>return document.getElementById("${element_id}").validationMessage;</arg>
<doc>Executes the given JavaScript code with possible arguments.</doc>
<status status="PASS" start="2026-02-19T22:28:29.152329" elapsed="0.020461"/>
</kw>
<kw name="Should Be Equal" owner="BuiltIn">
<arg>${message}</arg>
<arg>${expected_message}</arg>
<doc>Fails if the given objects are unequal.</doc>
<status status="PASS" start="2026-02-19T22:28:29.172986" elapsed="0.000664"/>
</kw>
<arg>input_comp-lt33fcq41</arg>
<arg>${test_data_missing_input_message}</arg>
<status status="PASS" start="2026-02-19T22:28:29.151664" elapsed="0.022141"/>
</kw>
<kw name="Close All Browsers" owner="SeleniumLibrary" type="TEARDOWN">
<doc>Closes all open browsers and resets the browser cache.</doc>
<status status="PASS" start="2026-02-19T22:28:29.174151" elapsed="0.219796"/>
</kw>
<tag>single fault firstname</tag>
<status status="PASS" start="2026-02-19T22:28:23.420242" elapsed="5.974012"/>
</test>
<test id="s1-t3" name="Verify registration form with single fault lastname" line="39">
<kw name="Open browser registration form" owner="hotel_booking">
<kw name="Open Browser" owner="SeleniumLibrary">
<msg time="2026-02-19T22:28:29.396502" level="INFO">Opening browser 'safari' to base url 'https://panaryco.wixsite.com/myhotel'.</msg>
<arg>${WEB_URL}</arg>
<arg>${WEB_BROWSER}</arg>
<doc>Opens a new browser instance to the optional ``url``.</doc>
<status status="PASS" start="2026-02-19T22:28:29.396037" elapsed="1.231789"/>
</kw>
<kw name="Maximize Browser Window" owner="SeleniumLibrary">
<doc>Maximizes current browser window.</doc>
<status status="PASS" start="2026-02-19T22:28:30.628111" elapsed="0.011031"/>
</kw>
<kw name="Sleep" owner="BuiltIn">
<msg time="2026-02-19T22:28:32.640501" level="INFO">Slept 2 seconds.</msg>
<arg>2</arg>
<doc>Pauses the test executed for the given time.</doc>
<status status="PASS" start="2026-02-19T22:28:30.639315" elapsed="2.001511"/>
</kw>
<status status="PASS" start="2026-02-19T22:28:29.395577" elapsed="3.245543"/>
</kw>
<kw name="Wait registration load complete" owner="hotel_booking">
<kw name="Wait Until Element Is Visible" owner="SeleniumLibrary">
<arg>//*[@id="comp-lt33fcq1"]</arg>
<doc>Waits until the element ``locator`` is visible.</doc>
<status status="PASS" start="2026-02-19T22:28:32.642464" elapsed="0.012871"/>
</kw>
<status status="PASS" start="2026-02-19T22:28:32.641871" elapsed="0.013632"/>
</kw>
<kw name="Input and verify firstname" owner="hotel_booking">
<kw name="Input Text" owner="SeleniumLibrary">
<msg time="2026-02-19T22:28:32.656481" level="INFO">Typing text 'firstName' into text field '//*[@id="input_comp-lt33fcq41"]'.</msg>
<arg>//*[@id="input_comp-lt33fcq41"]</arg>
<arg>${hotel_booking_firstname}</arg>
<doc>Types the given ``text`` into the text field identified by ``locator``.</doc>
<status status="PASS" start="2026-02-19T22:28:32.656193" elapsed="0.039137"/>
</kw>
<kw name="Get Value" owner="SeleniumLibrary">
<msg time="2026-02-19T22:28:32.701932" level="INFO">${firstname} = firstName</msg>
<var>${firstname}</var>
<arg>//*[@id="input_comp-lt33fcq41"]</arg>
<doc>Returns the value attribute of the element identified by ``locator``.</doc>
<status status="PASS" start="2026-02-19T22:28:32.695527" elapsed="0.006454"/>
</kw>
<kw name="Should Be Equal" owner="BuiltIn">
<arg>${firstname}</arg>
<arg>${hotel_booking_firstname}</arg>
<doc>Fails if the given objects are unequal.</doc>
<status status="PASS" start="2026-02-19T22:28:32.702153" elapsed="0.000336"/>
</kw>
<status status="PASS" start="2026-02-19T22:28:32.655862" elapsed="0.046696"/>
</kw>
<kw name="Verify lastname is empty" owner="hotel_booking">
<kw name="Get Value" owner="SeleniumLibrary">
<msg time="2026-02-19T22:28:32.707474" level="INFO">${lastName} = </msg>
<var>${lastName}</var>
<arg>//*[@id="input_comp-lt33fcs1"]</arg>
<doc>Returns the value attribute of the element identified by ``locator``.</doc>
<status status="PASS" start="2026-02-19T22:28:32.702912" elapsed="0.004649"/>
</kw>
<kw name="Should Be Equal" owner="BuiltIn">
<arg>${lastName}</arg>
<arg>${EMPTY}</arg>
<doc>Fails if the given objects are unequal.</doc>
<status status="PASS" start="2026-02-19T22:28:32.707762" elapsed="0.000998"/>
</kw>
<status status="PASS" start="2026-02-19T22:28:32.702727" elapsed="0.006168"/>
</kw>
<kw name="Input and verify phone" owner="hotel_booking">
<kw name="Input Text" owner="SeleniumLibrary">
<msg time="2026-02-19T22:28:32.709466" level="INFO">Typing text '000000000' into text field '//*[@id="input_comp-lt33fcsi1"]'.</msg>
<arg>//*[@id="input_comp-lt33fcsi1"]</arg>
<arg>${hotel_booking_mobile_phone}</arg>
<doc>Types the given ``text`` into the text field identified by ``locator``.</doc>
<status status="PASS" start="2026-02-19T22:28:32.709366" elapsed="0.023561"/>
</kw>
<kw name="Get Value" owner="SeleniumLibrary">
<msg time="2026-02-19T22:28:32.739020" level="INFO">${phone} = 000000000</msg>
<var>${phone}</var>
<arg>//*[@id="input_comp-lt33fcsi1"]</arg>
<doc>Returns the value attribute of the element identified by ``locator``.</doc>
<status status="PASS" start="2026-02-19T22:28:32.733206" elapsed="0.005880"/>
</kw>
<kw name="Should Be Equal" owner="BuiltIn">
<arg>${phone}</arg>
<arg>${hotel_booking_mobile_phone}</arg>
<doc>Fails if the given objects are unequal.</doc>
<status status="PASS" start="2026-02-19T22:28:32.739302" elapsed="0.000274"/>
</kw>
<status status="PASS" start="2026-02-19T22:28:32.709241" elapsed="0.030380"/>
</kw>
<kw name="Input and verify email" owner="hotel_booking">
<kw name="Input Text" owner="SeleniumLibrary">
<msg time="2026-02-19T22:28:32.740050" level="INFO">Typing text 'studentName@chula.ac.th' into text field '//*[@id="input_comp-lt33fcsf1"]'.</msg>
<arg>//*[@id="input_comp-lt33fcsf1"]</arg>
<arg>${hotel_booking_email}</arg>
<doc>Types the given ``text`` into the text field identified by ``locator``.</doc>
<status status="PASS" start="2026-02-19T22:28:32.739927" elapsed="0.048011"/>
</kw>
<kw name="Get Value" owner="SeleniumLibrary">
<msg time="2026-02-19T22:28:32.793724" level="INFO">${emailAddress} = studentName@chula.ac.th</msg>
<var>${emailAddress}</var>
<arg>//*[@id="input_comp-lt33fcsf1"]</arg>
<doc>Returns the value attribute of the element identified by ``locator``.</doc>
<status status="PASS" start="2026-02-19T22:28:32.788107" elapsed="0.005659"/>
</kw>
<kw name="Should Be Equal" owner="BuiltIn">
<arg>${emailAddress}</arg>
<arg>${hotel_booking_email}</arg>
<doc>Fails if the given objects are unequal.</doc>
<status status="PASS" start="2026-02-19T22:28:32.793918" elapsed="0.000305"/>
</kw>
<status status="PASS" start="2026-02-19T22:28:32.739742" elapsed="0.054545"/>
</kw>
<kw name="Scroll to bottom and wait" owner="hotel_booking">
<kw name="Execute Javascript" owner="SeleniumLibrary">
<msg time="2026-02-19T22:28:32.794966" level="INFO">Executing JavaScript:
window.scrollTo(0, document.body.scrollHeight)
Without any arguments.</msg>
<arg>window.scrollTo(0, document.body.scrollHeight)</arg>
<doc>Executes the given JavaScript code with possible arguments.</doc>
<status status="PASS" start="2026-02-19T22:28:32.794655" elapsed="0.003226"/>
</kw>
<kw name="Sleep" owner="BuiltIn">
<msg time="2026-02-19T22:28:34.800942" level="INFO">Slept 2 seconds.</msg>
<arg>2s</arg>
<doc>Pauses the test executed for the given time.</doc>
<status status="PASS" start="2026-02-19T22:28:32.798069" elapsed="2.003202"/>
</kw>
<status status="PASS" start="2026-02-19T22:28:32.794456" elapsed="2.007070"/>
</kw>
<kw name="Verify numberOfAdult is empty" owner="hotel_booking">
<kw name="Get Value" owner="SeleniumLibrary">
<msg time="2026-02-19T22:28:34.813589" level="INFO">${numberOfAdult} = </msg>
<var>${numberOfAdult}</var>
<arg>//*[@id="collection_comp-lt33fcsl1"]</arg>
<doc>Returns the value attribute of the element identified by ``locator``.</doc>
<status status="PASS" start="2026-02-19T22:28:34.802811" elapsed="0.010852"/>
</kw>
<kw name="Should Be Equal" owner="BuiltIn">
<arg>${numberOfAdult}</arg>
<arg>${EMPTY}</arg>
<doc>Fails if the given objects are unequal.</doc>
<status status="PASS" start="2026-02-19T22:28:34.815062" elapsed="0.000885"/>
</kw>
<status status="PASS" start="2026-02-19T22:28:34.802127" elapsed="0.013912"/>
</kw>
<kw name="Click accept term" owner="hotel_booking">
<kw name="Click Element" owner="commonKeywords">
<kw name="Wait Until Element Is Visible" owner="SeleniumLibrary">
<arg>${locator}</arg>
<arg>timeout=${timeout}</arg>
<doc>Waits until the element ``locator`` is visible.</doc>
<status status="PASS" start="2026-02-19T22:28:34.818018" elapsed="0.011742"/>
</kw>
<kw name="Click Element" owner="SeleniumLibrary">
<msg time="2026-02-19T22:28:34.830202" level="INFO">Clicking element '//*[@id="comp-ltubl84u"]'.</msg>
<arg>${locator}</arg>
<doc>Click the element identified by ``locator``.</doc>
<status status="PASS" start="2026-02-19T22:28:34.829969" elapsed="0.021404"/>
</kw>
<arg>//*[@id="comp-ltubl84u"]</arg>
<doc>${locator} - could be any selenium locator and webelement object
${timeout} - &lt;optional&gt;
Make sure that 15 can be accessed globally</doc>
<status status="PASS" start="2026-02-19T22:28:34.817451" elapsed="0.034030"/>
</kw>
<status status="PASS" start="2026-02-19T22:28:34.816281" elapsed="0.035256"/>
</kw>
<kw name="Click submit form" owner="hotel_booking">
<kw name="Click Element" owner="commonKeywords">
<kw name="Wait Until Element Is Visible" owner="SeleniumLibrary">
<arg>${locator}</arg>
<arg>timeout=${timeout}</arg>
<doc>Waits until the element ``locator`` is visible.</doc>
<status status="PASS" start="2026-02-19T22:28:34.853275" elapsed="0.007170"/>
</kw>
<kw name="Click Element" owner="SeleniumLibrary">
<msg time="2026-02-19T22:28:34.860701" level="INFO">Clicking element '//*[@class="l7_2fn wixui-button__label"]'.</msg>
<arg>${locator}</arg>
<doc>Click the element identified by ``locator``.</doc>
<status status="PASS" start="2026-02-19T22:28:34.860556" elapsed="0.014061"/>
</kw>
<arg>//*[@class="l7_2fn wixui-button__label"]</arg>
<doc>${locator} - could be any selenium locator and webelement object
${timeout} - &lt;optional&gt;
Make sure that 15 can be accessed globally</doc>
<status status="PASS" start="2026-02-19T22:28:34.853047" elapsed="0.021658"/>
</kw>
<status status="PASS" start="2026-02-19T22:28:34.851830" elapsed="0.022919"/>
</kw>
<kw name="Verify missing input message" owner="hotel_booking">
<kw name="Execute Javascript" owner="SeleniumLibrary">
<msg time="2026-02-19T22:28:34.875578" level="INFO">Executing JavaScript:
return document.getElementById("input_comp-lt33fcs1").validationMessage;
Without any arguments.</msg>
<msg time="2026-02-19T22:28:34.877773" level="INFO">${message} = Fill out this field</msg>
<var>${message}</var>
<arg>return document.getElementById("${element_id}").validationMessage;</arg>
<doc>Executes the given JavaScript code with possible arguments.</doc>
<status status="PASS" start="2026-02-19T22:28:34.875202" elapsed="0.002594"/>
</kw>
<kw name="Should Be Equal" owner="BuiltIn">
<arg>${message}</arg>
<arg>${expected_message}</arg>
<doc>Fails if the given objects are unequal.</doc>
<status status="PASS" start="2026-02-19T22:28:34.877890" elapsed="0.000268"/>
</kw>
<arg>input_comp-lt33fcs1</arg>
<arg>${test_data_missing_input_message}</arg>
<status status="PASS" start="2026-02-19T22:28:34.874959" elapsed="0.003243"/>
</kw>
<kw name="Close All Browsers" owner="SeleniumLibrary" type="TEARDOWN">
<doc>Closes all open browsers and resets the browser cache.</doc>
<status status="PASS" start="2026-02-19T22:28:34.878359" elapsed="0.215617"/>
</kw>
<tag>single fault lastname</tag>
<status status="PASS" start="2026-02-19T22:28:29.394718" elapsed="5.699543"/>
</test>
<test id="s1-t4" name="Verify registration form with single fault phone" line="53">
<kw name="Open browser registration form" owner="hotel_booking">
<kw name="Open Browser" owner="SeleniumLibrary">
<msg time="2026-02-19T22:28:35.096260" level="INFO">Opening browser 'safari' to base url 'https://panaryco.wixsite.com/myhotel'.</msg>
<arg>${WEB_URL}</arg>
<arg>${WEB_BROWSER}</arg>
<doc>Opens a new browser instance to the optional ``url``.</doc>
<status status="PASS" start="2026-02-19T22:28:35.095755" elapsed="1.288676"/>
</kw>
<kw name="Maximize Browser Window" owner="SeleniumLibrary">
<doc>Maximizes current browser window.</doc>
<status status="PASS" start="2026-02-19T22:28:36.384795" elapsed="0.011250"/>
</kw>
<kw name="Sleep" owner="BuiltIn">
<msg time="2026-02-19T22:28:38.397850" level="INFO">Slept 2 seconds.</msg>
<arg>2</arg>
<doc>Pauses the test executed for the given time.</doc>
<status status="PASS" start="2026-02-19T22:28:36.396350" elapsed="2.001841"/>
</kw>
<status status="PASS" start="2026-02-19T22:28:35.095351" elapsed="3.303166"/>
</kw>
<kw name="Wait registration load complete" owner="hotel_booking">
<kw name="Wait Until Element Is Visible" owner="SeleniumLibrary">
<arg>//*[@id="comp-lt33fcq1"]</arg>
<doc>Waits until the element ``locator`` is visible.</doc>
<status status="PASS" start="2026-02-19T22:28:38.400144" elapsed="0.016905"/>
</kw>
<status status="PASS" start="2026-02-19T22:28:38.399325" elapsed="0.017882"/>
</kw>
<kw name="Input and verify firstname" owner="hotel_booking">
<kw name="Input Text" owner="SeleniumLibrary">
<msg time="2026-02-19T22:28:38.418091" level="INFO">Typing text 'firstName' into text field '//*[@id="input_comp-lt33fcq41"]'.</msg>
<arg>//*[@id="input_comp-lt33fcq41"]</arg>
<arg>${hotel_booking_firstname}</arg>
<doc>Types the given ``text`` into the text field identified by ``locator``.</doc>
<status status="PASS" start="2026-02-19T22:28:38.417831" elapsed="0.046255"/>
</kw>
<kw name="Get Value" owner="SeleniumLibrary">
<msg time="2026-02-19T22:28:38.470220" level="INFO">${firstname} = firstName</msg>
<var>${firstname}</var>
<arg>//*[@id="input_comp-lt33fcq41"]</arg>
<doc>Returns the value attribute of the element identified by ``locator``.</doc>
<status status="PASS" start="2026-02-19T22:28:38.464391" elapsed="0.005888"/>
</kw>
<kw name="Should Be Equal" owner="BuiltIn">
<arg>${firstname}</arg>
<arg>${hotel_booking_firstname}</arg>
<doc>Fails if the given objects are unequal.</doc>
<status status="PASS" start="2026-02-19T22:28:38.470377" elapsed="0.000261"/>
</kw>
<status status="PASS" start="2026-02-19T22:28:38.417518" elapsed="0.053194"/>
</kw>
<kw name="Input and verify lastname" owner="hotel_booking">
<kw name="Input Text" owner="SeleniumLibrary">
<msg time="2026-02-19T22:28:38.471176" level="INFO">Typing text 'lastName' into text field '//*[@id="input_comp-lt33fcs1"]'.</msg>
<arg>//*[@id="input_comp-lt33fcs1"]</arg>
<arg>${hotel_booking_lastname}</arg>
<doc>Types the given ``text`` into the text field identified by ``locator``.</doc>
<status status="PASS" start="2026-02-19T22:28:38.471071" elapsed="0.022093"/>
</kw>
<kw name="Get Value" owner="SeleniumLibrary">
<msg time="2026-02-19T22:28:38.497484" level="INFO">${lastName} = lastName</msg>
<var>${lastName}</var>
<arg>//*[@id="input_comp-lt33fcs1"]</arg>
<doc>Returns the value attribute of the element identified by ``locator``.</doc>
<status status="PASS" start="2026-02-19T22:28:38.493291" elapsed="0.004219"/>
</kw>
<kw name="Should Be Equal" owner="BuiltIn">
<arg>${lastName}</arg>
<arg>${hotel_booking_lastname}</arg>
<doc>Fails if the given objects are unequal.</doc>
<status status="PASS" start="2026-02-19T22:28:38.497656" elapsed="0.000517"/>
</kw>
<status status="PASS" start="2026-02-19T22:28:38.470915" elapsed="0.027442"/>
</kw>
<kw name="Verify phone is empty" owner="hotel_booking">
<kw name="Get Value" owner="SeleniumLibrary">
<msg time="2026-02-19T22:28:38.503670" level="INFO">${phone} = </msg>
<var>${phone}</var>
<arg>//*[@id="input_comp-lt33fcsi1"]</arg>
<doc>Returns the value attribute of the element identified by ``locator``.</doc>
<status status="PASS" start="2026-02-19T22:28:38.498714" elapsed="0.005002"/>
</kw>
<kw name="Should Be Equal" owner="BuiltIn">
<arg>${phone}</arg>
<arg>${EMPTY}</arg>
<doc>Fails if the given objects are unequal.</doc>
<status status="PASS" start="2026-02-19T22:28:38.503887" elapsed="0.000772"/>
</kw>
<status status="PASS" start="2026-02-19T22:28:38.498485" elapsed="0.006445"/>
</kw>
<kw name="Input and verify email" owner="hotel_booking">
<kw name="Input Text" owner="SeleniumLibrary">
<msg time="2026-02-19T22:28:38.505426" level="INFO">Typing text 'studentName@chula.ac.th' into text field '//*[@id="input_comp-lt33fcsf1"]'.</msg>
<arg>//*[@id="input_comp-lt33fcsf1"]</arg>
<arg>${hotel_booking_email}</arg>
<doc>Types the given ``text`` into the text field identified by ``locator``.</doc>
<status status="PASS" start="2026-02-19T22:28:38.505287" elapsed="0.041030"/>
</kw>
<kw name="Get Value" owner="SeleniumLibrary">
<msg time="2026-02-19T22:28:38.550894" level="INFO">${emailAddress} = studentName@chula.ac.th</msg>
<var>${emailAddress}</var>
<arg>//*[@id="input_comp-lt33fcsf1"]</arg>
<doc>Returns the value attribute of the element identified by ``locator``.</doc>
<status status="PASS" start="2026-02-19T22:28:38.546525" elapsed="0.004442"/>
</kw>
<kw name="Should Be Equal" owner="BuiltIn">
<arg>${emailAddress}</arg>
<arg>${hotel_booking_email}</arg>
<doc>Fails if the given objects are unequal.</doc>
<status status="PASS" start="2026-02-19T22:28:38.551087" elapsed="0.000213"/>
</kw>
<status status="PASS" start="2026-02-19T22:28:38.505130" elapsed="0.046208"/>
</kw>
<kw name="Scroll to bottom and wait" owner="hotel_booking">
<kw name="Execute Javascript" owner="SeleniumLibrary">
<msg time="2026-02-19T22:28:38.551988" level="INFO">Executing JavaScript:
window.scrollTo(0, document.body.scrollHeight)
Without any arguments.</msg>
<arg>window.scrollTo(0, document.body.scrollHeight)</arg>
<doc>Executes the given JavaScript code with possible arguments.</doc>
<status status="PASS" start="2026-02-19T22:28:38.551775" elapsed="0.002279"/>
</kw>
<kw name="Sleep" owner="BuiltIn">
<msg time="2026-02-19T22:28:40.555399" level="INFO">Slept 2 seconds.</msg>
<arg>2s</arg>
<doc>Pauses the test executed for the given time.</doc>
<status status="PASS" start="2026-02-19T22:28:38.554189" elapsed="2.001526"/>
</kw>
<status status="PASS" start="2026-02-19T22:28:38.551530" elapsed="2.004469"/>
</kw>
<kw name="Verify numberOfAdult is empty" owner="hotel_booking">
<kw name="Get Value" owner="SeleniumLibrary">
<msg time="2026-02-19T22:28:40.568925" level="INFO">${numberOfAdult} = </msg>
<var>${numberOfAdult}</var>
<arg>//*[@id="collection_comp-lt33fcsl1"]</arg>
<doc>Returns the value attribute of the element identified by ``locator``.</doc>
<status status="PASS" start="2026-02-19T22:28:40.557265" elapsed="0.011748"/>
</kw>
<kw name="Should Be Equal" owner="BuiltIn">
<arg>${numberOfAdult}</arg>
<arg>${EMPTY}</arg>
<doc>Fails if the given objects are unequal.</doc>
<status status="PASS" start="2026-02-19T22:28:40.569349" elapsed="0.001022"/>
</kw>
<status status="PASS" start="2026-02-19T22:28:40.556609" elapsed="0.013886"/>
</kw>
<kw name="Click accept term" owner="hotel_booking">
<kw name="Click Element" owner="commonKeywords">
<kw name="Wait Until Element Is Visible" owner="SeleniumLibrary">
<arg>${locator}</arg>
<arg>timeout=${timeout}</arg>
<doc>Waits until the element ``locator`` is visible.</doc>
<status status="PASS" start="2026-02-19T22:28:40.574571" elapsed="0.012736"/>
</kw>
<kw name="Click Element" owner="SeleniumLibrary">
<msg time="2026-02-19T22:28:40.588086" level="INFO">Clicking element '//*[@id="comp-ltubl84u"]'.</msg>
<arg>${locator}</arg>
<doc>Click the element identified by ``locator``.</doc>
<status status="PASS" start="2026-02-19T22:28:40.587671" elapsed="0.036006"/>
</kw>
<arg>//*[@id="comp-ltubl84u"]</arg>
<doc>${locator} - could be any selenium locator and webelement object
${timeout} - &lt;optional&gt;
Make sure that 15 can be accessed globally</doc>
<status status="PASS" start="2026-02-19T22:28:40.574043" elapsed="0.049810"/>
</kw>
<status status="PASS" start="2026-02-19T22:28:40.570809" elapsed="0.053103"/>
</kw>
<kw name="Click submit form" owner="hotel_booking">
<kw name="Click Element" owner="commonKeywords">
<kw name="Wait Until Element Is Visible" owner="SeleniumLibrary">
<arg>${locator}</arg>
<arg>timeout=${timeout}</arg>
<doc>Waits until the element ``locator`` is visible.</doc>
<status status="PASS" start="2026-02-19T22:28:40.625734" elapsed="0.005945"/>
</kw>
<kw name="Click Element" owner="SeleniumLibrary">
<msg time="2026-02-19T22:28:40.632044" level="INFO">Clicking element '//*[@class="l7_2fn wixui-button__label"]'.</msg>
<arg>${locator}</arg>
<doc>Click the element identified by ``locator``.</doc>
<status status="PASS" start="2026-02-19T22:28:40.631853" elapsed="0.015143"/>
</kw>
<arg>//*[@class="l7_2fn wixui-button__label"]</arg>
<doc>${locator} - could be any selenium locator and webelement object
${timeout} - &lt;optional&gt;
Make sure that 15 can be accessed globally</doc>
<status status="PASS" start="2026-02-19T22:28:40.625511" elapsed="0.021619"/>
</kw>
<status status="PASS" start="2026-02-19T22:28:40.624369" elapsed="0.022811"/>
</kw>
<kw name="Verify missing input message" owner="hotel_booking">
<kw name="Execute Javascript" owner="SeleniumLibrary">
<msg time="2026-02-19T22:28:40.647972" level="INFO">Executing JavaScript:
return document.getElementById("input_comp-lt33fcsi1").validationMessage;
Without any arguments.</msg>
<msg time="2026-02-19T22:28:40.650601" level="INFO">${message} = Fill out this field</msg>
<var>${message}</var>
<arg>return document.getElementById("${element_id}").validationMessage;</arg>
<doc>Executes the given JavaScript code with possible arguments.</doc>
<status status="PASS" start="2026-02-19T22:28:40.647675" elapsed="0.002968"/>
</kw>
<kw name="Should Be Equal" owner="BuiltIn">
<arg>${message}</arg>
<arg>${expected_message}</arg>
<doc>Fails if the given objects are unequal.</doc>
<status status="PASS" start="2026-02-19T22:28:40.650795" elapsed="0.000297"/>
</kw>
<arg>input_comp-lt33fcsi1</arg>
<arg>${test_data_missing_input_message}</arg>
<status status="PASS" start="2026-02-19T22:28:40.647386" elapsed="0.003770"/>
</kw>
<kw name="Close All Browsers" owner="SeleniumLibrary" type="TEARDOWN">
<doc>Closes all open browsers and resets the browser cache.</doc>
<status status="PASS" start="2026-02-19T22:28:40.651384" elapsed="0.215343"/>
</kw>
<tag>single fault phone</tag>
<status status="PASS" start="2026-02-19T22:28:35.094714" elapsed="5.772188"/>
</test>
<test id="s1-t5" name="Verify registration form with single fault email" line="67">
<kw name="Open browser registration form" owner="hotel_booking">
<kw name="Open Browser" owner="SeleniumLibrary">
<msg time="2026-02-19T22:28:40.868191" level="INFO">Opening browser 'safari' to base url 'https://panaryco.wixsite.com/myhotel'.</msg>
<arg>${WEB_URL}</arg>
<arg>${WEB_BROWSER}</arg>
<doc>Opens a new browser instance to the optional ``url``.</doc>
<status status="PASS" start="2026-02-19T22:28:40.867955" elapsed="1.259983"/>
</kw>
<kw name="Maximize Browser Window" owner="SeleniumLibrary">
<doc>Maximizes current browser window.</doc>
<status status="PASS" start="2026-02-19T22:28:42.128307" elapsed="0.012363"/>
</kw>
<kw name="Sleep" owner="BuiltIn">
<msg time="2026-02-19T22:28:44.141993" level="INFO">Slept 2 seconds.</msg>
<arg>2</arg>
<doc>Pauses the test executed for the given time.</doc>
<status status="PASS" start="2026-02-19T22:28:42.140860" elapsed="2.001469"/>
</kw>
<status status="PASS" start="2026-02-19T22:28:40.867668" elapsed="3.274953"/>
</kw>
<kw name="Wait registration load complete" owner="hotel_booking">
<kw name="Wait Until Element Is Visible" owner="SeleniumLibrary">
<arg>//*[@id="comp-lt33fcq1"]</arg>
<doc>Waits until the element ``locator`` is visible.</doc>
<status status="PASS" start="2026-02-19T22:28:44.144093" elapsed="0.020361"/>
</kw>
<status status="PASS" start="2026-02-19T22:28:44.143380" elapsed="0.021286"/>
</kw>
<kw name="Input and verify firstname" owner="hotel_booking">
<kw name="Input Text" owner="SeleniumLibrary">
<msg time="2026-02-19T22:28:44.166058" level="INFO">Typing text 'firstName' into text field '//*[@id="input_comp-lt33fcq41"]'.</msg>
<arg>//*[@id="input_comp-lt33fcq41"]</arg>
<arg>${hotel_booking_firstname}</arg>
<doc>Types the given ``text`` into the text field identified by ``locator``.</doc>
<status status="PASS" start="2026-02-19T22:28:44.165644" elapsed="0.058751"/>
</kw>
<kw name="Get Value" owner="SeleniumLibrary">
<msg time="2026-02-19T22:28:44.230194" level="INFO">${firstname} = firstName</msg>
<var>${firstname}</var>
<arg>//*[@id="input_comp-lt33fcq41"]</arg>
<doc>Returns the value attribute of the element identified by ``locator``.</doc>
<status status="PASS" start="2026-02-19T22:28:44.224656" elapsed="0.005579"/>
</kw>
<kw name="Should Be Equal" owner="BuiltIn">
<arg>${firstname}</arg>
<arg>${hotel_booking_firstname}</arg>
<doc>Fails if the given objects are unequal.</doc>
<status status="PASS" start="2026-02-19T22:28:44.230383" elapsed="0.000297"/>
</kw>
<status status="PASS" start="2026-02-19T22:28:44.165138" elapsed="0.065598"/>
</kw>
<kw name="Input and verify lastname" owner="hotel_booking">
<kw name="Input Text" owner="SeleniumLibrary">
<msg time="2026-02-19T22:28:44.231211" level="INFO">Typing text 'lastName' into text field '//*[@id="input_comp-lt33fcs1"]'.</msg>
<arg>//*[@id="input_comp-lt33fcs1"]</arg>
<arg>${hotel_booking_lastname}</arg>
<doc>Types the given ``text`` into the text field identified by ``locator``.</doc>
<status status="PASS" start="2026-02-19T22:28:44.231063" elapsed="0.025592"/>
</kw>
<kw name="Get Value" owner="SeleniumLibrary">
<msg time="2026-02-19T22:28:44.261939" level="INFO">${lastName} = lastName</msg>
<var>${lastName}</var>
<arg>//*[@id="input_comp-lt33fcs1"]</arg>
<doc>Returns the value attribute of the element identified by ``locator``.</doc>
<status status="PASS" start="2026-02-19T22:28:44.256841" elapsed="0.005145"/>
</kw>
<kw name="Should Be Equal" owner="BuiltIn">
<arg>${lastName}</arg>
<arg>${hotel_booking_lastname}</arg>
<doc>Fails if the given objects are unequal.</doc>
<status status="PASS" start="2026-02-19T22:28:44.262140" elapsed="0.000310"/>
</kw>
<status status="PASS" start="2026-02-19T22:28:44.230894" elapsed="0.031630"/>
</kw>
<kw name="Input and verify phone" owner="hotel_booking">
<kw name="Input Text" owner="SeleniumLibrary">
<msg time="2026-02-19T22:28:44.263061" level="INFO">Typing text '000000000' into text field '//*[@id="input_comp-lt33fcsi1"]'.</msg>
<arg>//*[@id="input_comp-lt33fcsi1"]</arg>
<arg>${hotel_booking_mobile_phone}</arg>
<doc>Types the given ``text`` into the text field identified by ``locator``.</doc>
<status status="PASS" start="2026-02-19T22:28:44.262889" elapsed="0.022966"/>
</kw>
<kw name="Get Value" owner="SeleniumLibrary">
<msg time="2026-02-19T22:28:44.290972" level="INFO">${phone} = 000000000</msg>
<var>${phone}</var>
<arg>//*[@id="input_comp-lt33fcsi1"]</arg>
<doc>Returns the value attribute of the element identified by ``locator``.</doc>
<status status="PASS" start="2026-02-19T22:28:44.286179" elapsed="0.004828"/>
</kw>
<kw name="Should Be Equal" owner="BuiltIn">
<arg>${phone}</arg>
<arg>${hotel_booking_mobile_phone}</arg>
<doc>Fails if the given objects are unequal.</doc>
<status status="PASS" start="2026-02-19T22:28:44.291131" elapsed="0.000313"/>
</kw>
<status status="PASS" start="2026-02-19T22:28:44.262698" elapsed="0.028832"/>
</kw>
<kw name="Verify email is empty" owner="hotel_booking">
<kw name="Get Value" owner="SeleniumLibrary">
<msg time="2026-02-19T22:28:44.295861" level="INFO">${emailAddress} = </msg>
<var>${emailAddress}</var>
<arg>//*[@id="input_comp-lt33fcsf1"]</arg>
<doc>Returns the value attribute of the element identified by ``locator``.</doc>
<status status="PASS" start="2026-02-19T22:28:44.291912" elapsed="0.003983"/>
</kw>
<kw name="Should Be Equal" owner="BuiltIn">
<arg>${emailAddress}</arg>
<arg>${EMPTY}</arg>
<doc>Fails if the given objects are unequal.</doc>
<status status="PASS" start="2026-02-19T22:28:44.296005" elapsed="0.000542"/>
</kw>
<status status="PASS" start="2026-02-19T22:28:44.291719" elapsed="0.004885"/>
</kw>
<kw name="Scroll to bottom and wait" owner="hotel_booking">
<kw name="Execute Javascript" owner="SeleniumLibrary">
<msg time="2026-02-19T22:28:44.297298" level="INFO">Executing JavaScript:
window.scrollTo(0, document.body.scrollHeight)
Without any arguments.</msg>
<arg>window.scrollTo(0, document.body.scrollHeight)</arg>
<doc>Executes the given JavaScript code with possible arguments.</doc>
<status status="PASS" start="2026-02-19T22:28:44.296952" elapsed="0.003004"/>
</kw>
<kw name="Sleep" owner="BuiltIn">
<msg time="2026-02-19T22:28:46.302349" level="INFO">Slept 2 seconds.</msg>
<arg>2s</arg>
<doc>Pauses the test executed for the given time.</doc>
<status status="PASS" start="2026-02-19T22:28:44.300153" elapsed="2.002532"/>
</kw>
<status status="PASS" start="2026-02-19T22:28:44.296748" elapsed="2.006183"/>
</kw>
<kw name="Verify numberOfAdult is empty" owner="hotel_booking">
<kw name="Get Value" owner="SeleniumLibrary">
<msg time="2026-02-19T22:28:46.315234" level="INFO">${numberOfAdult} = </msg>
<var>${numberOfAdult}</var>
<arg>//*[@id="collection_comp-lt33fcsl1"]</arg>
<doc>Returns the value attribute of the element identified by ``locator``.</doc>
<status status="PASS" start="2026-02-19T22:28:46.304081" elapsed="0.011228"/>
</kw>
<kw name="Should Be Equal" owner="BuiltIn">
<arg>${numberOfAdult}</arg>
<arg>${EMPTY}</arg>
<doc>Fails if the given objects are unequal.</doc>
<status status="PASS" start="2026-02-19T22:28:46.315568" elapsed="0.000900"/>
</kw>
<status status="PASS" start="2026-02-19T22:28:46.303505" elapsed="0.013079"/>
</kw>
<kw name="Click accept term" owner="hotel_booking">
<kw name="Click Element" owner="commonKeywords">
<kw name="Wait Until Element Is Visible" owner="SeleniumLibrary">
<arg>${locator}</arg>
<arg>timeout=${timeout}</arg>
<doc>Waits until the element ``locator`` is visible.</doc>
<status status="PASS" start="2026-02-19T22:28:46.318740" elapsed="0.010739"/>
</kw>
<kw name="Click Element" owner="SeleniumLibrary">
<msg time="2026-02-19T22:28:46.330078" level="INFO">Clicking element '//*[@id="comp-ltubl84u"]'.</msg>
<arg>${locator}</arg>
<doc>Click the element identified by ``locator``.</doc>
<status status="PASS" start="2026-02-19T22:28:46.329762" elapsed="0.032045"/>
</kw>
<arg>//*[@id="comp-ltubl84u"]</arg>
<doc>${locator} - could be any selenium locator and webelement object
${timeout} - &lt;optional&gt;
Make sure that 15 can be accessed globally</doc>
<status status="PASS" start="2026-02-19T22:28:46.318416" elapsed="0.043534"/>
</kw>
<status status="PASS" start="2026-02-19T22:28:46.316891" elapsed="0.045121"/>
</kw>
<kw name="Click submit form" owner="hotel_booking">
<kw name="Click Element" owner="commonKeywords">
<kw name="Wait Until Element Is Visible" owner="SeleniumLibrary">
<arg>${locator}</arg>
<arg>timeout=${timeout}</arg>
<doc>Waits until the element ``locator`` is visible.</doc>
<status status="PASS" start="2026-02-19T22:28:46.363803" elapsed="0.006962"/>
</kw>
<kw name="Click Element" owner="SeleniumLibrary">
<msg time="2026-02-19T22:28:46.371117" level="INFO">Clicking element '//*[@class="l7_2fn wixui-button__label"]'.</msg>
<arg>${locator}</arg>
<doc>Click the element identified by ``locator``.</doc>
<status status="PASS" start="2026-02-19T22:28:46.370925" elapsed="0.014121"/>
</kw>
<arg>//*[@class="l7_2fn wixui-button__label"]</arg>
<doc>${locator} - could be any selenium locator and webelement object
${timeout} - &lt;optional&gt;
Make sure that 15 can be accessed globally</doc>
<status status="PASS" start="2026-02-19T22:28:46.363548" elapsed="0.021609"/>
</kw>
<status status="PASS" start="2026-02-19T22:28:46.362298" elapsed="0.022907"/>
</kw>
<kw name="Verify missing input message" owner="hotel_booking">
<kw name="Execute Javascript" owner="SeleniumLibrary">
<msg time="2026-02-19T22:28:46.386368" level="INFO">Executing JavaScript:
return document.getElementById("input_comp-lt33fcsf1").validationMessage;
Without any arguments.</msg>
<msg time="2026-02-19T22:28:46.405848" level="INFO">${message} = Fill out this field</msg>
<var>${message}</var>
<arg>return document.getElementById("${element_id}").validationMessage;</arg>
<doc>Executes the given JavaScript code with possible arguments.</doc>
<status status="PASS" start="2026-02-19T22:28:46.385902" elapsed="0.019996"/>
</kw>
<kw name="Should Be Equal" owner="BuiltIn">
<arg>${message}</arg>
<arg>${expected_message}</arg>
<doc>Fails if the given objects are unequal.</doc>
<status status="PASS" start="2026-02-19T22:28:46.406077" elapsed="0.000694"/>
</kw>
<arg>input_comp-lt33fcsf1</arg>
<arg>${test_data_missing_input_message}</arg>
<status status="PASS" start="2026-02-19T22:28:46.385450" elapsed="0.021605"/>
</kw>
<kw name="Close All Browsers" owner="SeleniumLibrary" type="TEARDOWN">
<doc>Closes all open browsers and resets the browser cache.</doc>
<status status="PASS" start="2026-02-19T22:28:46.407285" elapsed="0.219386"/>
</kw>
<tag>single fault email</tag>
<status status="PASS" start="2026-02-19T22:28:40.867205" elapsed="5.759768"/>
</test>
<test id="s1-t6" name="Verify registration form with single fault numberOfAdult" line="81">
<kw name="Open browser registration form" owner="hotel_booking">
<kw name="Open Browser" owner="SeleniumLibrary">
<msg time="2026-02-19T22:28:46.629170" level="INFO">Opening browser 'safari' to base url 'https://panaryco.wixsite.com/myhotel'.</msg>
<arg>${WEB_URL}</arg>
<arg>${WEB_BROWSER}</arg>
<doc>Opens a new browser instance to the optional ``url``.</doc>
<status status="PASS" start="2026-02-19T22:28:46.628835" elapsed="1.328572"/>
</kw>
<kw name="Maximize Browser Window" owner="SeleniumLibrary">
<doc>Maximizes current browser window.</doc>
<status status="PASS" start="2026-02-19T22:28:47.957777" elapsed="0.011364"/>
</kw>
<kw name="Sleep" owner="BuiltIn">
<msg time="2026-02-19T22:28:49.971897" level="INFO">Slept 2 seconds.</msg>
<arg>2</arg>
<doc>Pauses the test executed for the given time.</doc>
<status status="PASS" start="2026-02-19T22:28:47.969377" elapsed="2.002857"/>
</kw>
<status status="PASS" start="2026-02-19T22:28:46.628337" elapsed="3.344227"/>
</kw>
<kw name="Wait registration load complete" owner="hotel_booking">
<kw name="Wait Until Element Is Visible" owner="SeleniumLibrary">
<arg>//*[@id="comp-lt33fcq1"]</arg>
<doc>Waits until the element ``locator`` is visible.</doc>
<status status="PASS" start="2026-02-19T22:28:49.974123" elapsed="0.018461"/>
</kw>
<status status="PASS" start="2026-02-19T22:28:49.973373" elapsed="0.019317"/>
</kw>
<kw name="Input and verify firstname" owner="hotel_booking">
<kw name="Input Text" owner="SeleniumLibrary">
<msg time="2026-02-19T22:28:49.993511" level="INFO">Typing text 'firstName' into text field '//*[@id="input_comp-lt33fcq41"]'.</msg>
<arg>//*[@id="input_comp-lt33fcq41"]</arg>
<arg>${hotel_booking_firstname}</arg>
<doc>Types the given ``text`` into the text field identified by ``locator``.</doc>
<status status="PASS" start="2026-02-19T22:28:49.993218" elapsed="0.052739"/>
</kw>
<kw name="Get Value" owner="SeleniumLibrary">
<msg time="2026-02-19T22:28:50.053983" level="INFO">${firstname} = firstName</msg>
<var>${firstname}</var>
<arg>//*[@id="input_comp-lt33fcq41"]</arg>
<doc>Returns the value attribute of the element identified by ``locator``.</doc>
<status status="PASS" start="2026-02-19T22:28:50.046131" elapsed="0.007903"/>
</kw>
<kw name="Should Be Equal" owner="BuiltIn">
<arg>${firstname}</arg>
<arg>${hotel_booking_firstname}</arg>
<doc>Fails if the given objects are unequal.</doc>
<status status="PASS" start="2026-02-19T22:28:50.054211" elapsed="0.000349"/>
</kw>
<status status="PASS" start="2026-02-19T22:28:49.992907" elapsed="0.061730"/>
</kw>
<kw name="Input and verify lastname" owner="hotel_booking">
<kw name="Input Text" owner="SeleniumLibrary">
<msg time="2026-02-19T22:28:50.055186" level="INFO">Typing text 'lastName' into text field '//*[@id="input_comp-lt33fcs1"]'.</msg>
<arg>//*[@id="input_comp-lt33fcs1"]</arg>
<arg>${hotel_booking_lastname}</arg>
<doc>Types the given ``text`` into the text field identified by ``locator``.</doc>
<status status="PASS" start="2026-02-19T22:28:50.055016" elapsed="0.025138"/>
</kw>
<kw name="Get Value" owner="SeleniumLibrary">
<msg time="2026-02-19T22:28:50.086359" level="INFO">${lastName} = lastName</msg>
<var>${lastName}</var>
<arg>//*[@id="input_comp-lt33fcs1"]</arg>
<doc>Returns the value attribute of the element identified by ``locator``.</doc>
<status status="PASS" start="2026-02-19T22:28:50.080336" elapsed="0.006069"/>
</kw>
<kw name="Should Be Equal" owner="BuiltIn">
<arg>${lastName}</arg>
<arg>${hotel_booking_lastname}</arg>
<doc>Fails if the given objects are unequal.</doc>
<status status="PASS" start="2026-02-19T22:28:50.086568" elapsed="0.000311"/>
</kw>
<status status="PASS" start="2026-02-19T22:28:50.054821" elapsed="0.032119"/>
</kw>
<kw name="Input and verify phone" owner="hotel_booking">
<kw name="Input Text" owner="SeleniumLibrary">
<msg time="2026-02-19T22:28:50.087437" level="INFO">Typing text '000000000' into text field '//*[@id="input_comp-lt33fcsi1"]'.</msg>
<arg>//*[@id="input_comp-lt33fcsi1"]</arg>
<arg>${hotel_booking_mobile_phone}</arg>
<doc>Types the given ``text`` into the text field identified by ``locator``.</doc>
<status status="PASS" start="2026-02-19T22:28:50.087281" elapsed="0.022912"/>
</kw>
<kw name="Get Value" owner="SeleniumLibrary">
<msg time="2026-02-19T22:28:50.115382" level="INFO">${phone} = 000000000</msg>
<var>${phone}</var>
<arg>//*[@id="input_comp-lt33fcsi1"]</arg>
<doc>Returns the value attribute of the element identified by ``locator``.</doc>
<status status="PASS" start="2026-02-19T22:28:50.110382" elapsed="0.005045"/>
</kw>
<kw name="Should Be Equal" owner="BuiltIn">
<arg>${phone}</arg>
<arg>${hotel_booking_mobile_phone}</arg>
<doc>Fails if the given objects are unequal.</doc>
<status status="PASS" start="2026-02-19T22:28:50.115593" elapsed="0.000325"/>
</kw>
<status status="PASS" start="2026-02-19T22:28:50.087105" elapsed="0.028882"/>
</kw>
<kw name="Input and verify email" owner="hotel_booking">
<kw name="Input Text" owner="SeleniumLibrary">
<msg time="2026-02-19T22:28:50.116823" level="INFO">Typing text 'studentName@chula.ac.th' into text field '//*[@id="input_comp-lt33fcsf1"]'.</msg>
<arg>//*[@id="input_comp-lt33fcsf1"]</arg>
<arg>${hotel_booking_email}</arg>
<doc>Types the given ``text`` into the text field identified by ``locator``.</doc>
<status status="PASS" start="2026-02-19T22:28:50.116485" elapsed="0.042592"/>
</kw>
<kw name="Get Value" owner="SeleniumLibrary">
<msg time="2026-02-19T22:28:50.163914" level="INFO">${emailAddress} = studentName@chula.ac.th</msg>
<var>${emailAddress}</var>
<arg>//*[@id="input_comp-lt33fcsf1"]</arg>
<doc>Returns the value attribute of the element identified by ``locator``.</doc>
<status status="PASS" start="2026-02-19T22:28:50.159261" elapsed="0.004702"/>
</kw>
<kw name="Should Be Equal" owner="BuiltIn">
<arg>${emailAddress}</arg>
<arg>${hotel_booking_email}</arg>
<doc>Fails if the given objects are unequal.</doc>
<status status="PASS" start="2026-02-19T22:28:50.164104" elapsed="0.000295"/>
</kw>
<status status="PASS" start="2026-02-19T22:28:50.116210" elapsed="0.048250"/>
</kw>
<kw name="Scroll to bottom and wait" owner="hotel_booking">
<kw name="Execute Javascript" owner="SeleniumLibrary">
<msg time="2026-02-19T22:28:50.165074" level="INFO">Executing JavaScript:
window.scrollTo(0, document.body.scrollHeight)
Without any arguments.</msg>
<arg>window.scrollTo(0, document.body.scrollHeight)</arg>
<doc>Executes the given JavaScript code with possible arguments.</doc>
<status status="PASS" start="2026-02-19T22:28:50.164790" elapsed="0.003083"/>
</kw>
<kw name="Sleep" owner="BuiltIn">
<msg time="2026-02-19T22:28:52.168474" level="INFO">Slept 2 seconds.</msg>
<arg>2s</arg>
<doc>Pauses the test executed for the given time.</doc>
<status status="PASS" start="2026-02-19T22:28:50.168042" elapsed="2.000761"/>
</kw>
<status status="PASS" start="2026-02-19T22:28:50.164614" elapsed="2.004438"/>
</kw>
<kw name="Verify numberOfAdult is empty" owner="hotel_booking">
<kw name="Get Value" owner="SeleniumLibrary">
<msg time="2026-02-19T22:28:52.180898" level="INFO">${numberOfAdult} = </msg>
<var>${numberOfAdult}</var>
<arg>//*[@id="collection_comp-lt33fcsl1"]</arg>
<doc>Returns the value attribute of the element identified by ``locator``.</doc>
<status status="PASS" start="2026-02-19T22:28:52.170212" elapsed="0.010749"/>
</kw>
<kw name="Should Be Equal" owner="BuiltIn">
<arg>${numberOfAdult}</arg>
<arg>${EMPTY}</arg>
<doc>Fails if the given objects are unequal.</doc>
<status status="PASS" start="2026-02-19T22:28:52.181203" elapsed="0.001021"/>
</kw>
<status status="PASS" start="2026-02-19T22:28:52.169606" elapsed="0.013339"/>
</kw>
<kw name="Click accept term" owner="hotel_booking">
<kw name="Click Element" owner="commonKeywords">
<kw name="Wait Until Element Is Visible" owner="SeleniumLibrary">
<arg>${locator}</arg>
<arg>timeout=${timeout}</arg>
<doc>Waits until the element ``locator`` is visible.</doc>
<status status="PASS" start="2026-02-19T22:28:52.184926" elapsed="0.010646"/>
</kw>
<kw name="Click Element" owner="SeleniumLibrary">
<msg time="2026-02-19T22:28:52.196285" level="INFO">Clicking element '//*[@id="comp-ltubl84u"]'.</msg>
<arg>${locator}</arg>
<doc>Click the element identified by ``locator``.</doc>
<status status="PASS" start="2026-02-19T22:28:52.195916" elapsed="0.038586"/>
</kw>
<arg>//*[@id="comp-ltubl84u"]</arg>
<doc>${locator} - could be any selenium locator and webelement object
${timeout} - &lt;optional&gt;
Make sure that 15 can be accessed globally</doc>
<status status="PASS" start="2026-02-19T22:28:52.184645" elapsed="0.049989"/>
</kw>
<status status="PASS" start="2026-02-19T22:28:52.183213" elapsed="0.051474"/>
</kw>
<kw name="Click submit form" owner="hotel_booking">
<kw name="Click Element" owner="commonKeywords">
<kw name="Wait Until Element Is Visible" owner="SeleniumLibrary">
<arg>${locator}</arg>
<arg>timeout=${timeout}</arg>
<doc>Waits until the element ``locator`` is visible.</doc>
<status status="PASS" start="2026-02-19T22:28:52.236498" elapsed="0.006119"/>
</kw>
<kw name="Click Element" owner="SeleniumLibrary">
<msg time="2026-02-19T22:28:52.243129" level="INFO">Clicking element '//*[@class="l7_2fn wixui-button__label"]'.</msg>
<arg>${locator}</arg>
<doc>Click the element identified by ``locator``.</doc>
<status status="PASS" start="2026-02-19T22:28:52.242813" elapsed="0.015915"/>
</kw>
<arg>//*[@class="l7_2fn wixui-button__label"]</arg>
<doc>${locator} - could be any selenium locator and webelement object
${timeout} - &lt;optional&gt;
Make sure that 15 can be accessed globally</doc>
<status status="PASS" start="2026-02-19T22:28:52.236163" elapsed="0.022658"/>
</kw>
<status status="PASS" start="2026-02-19T22:28:52.234979" elapsed="0.023889"/>
</kw>
<kw name="Verify missing input message" owner="hotel_booking">
<kw name="Execute Javascript" owner="SeleniumLibrary">
<msg time="2026-02-19T22:28:52.259644" level="INFO">Executing JavaScript:
return document.getElementById("collection_comp-lt33fcsl1").validationMessage;
Without any arguments.</msg>
<msg time="2026-02-19T22:28:52.261763" level="INFO">${message} = Select an item in the list</msg>
<var>${message}</var>
<arg>return document.getElementById("${element_id}").validationMessage;</arg>
<doc>Executes the given JavaScript code with possible arguments.</doc>
<status status="PASS" start="2026-02-19T22:28:52.259352" elapsed="0.002443"/>
</kw>
<kw name="Should Be Equal" owner="BuiltIn">
<arg>${message}</arg>
<arg>${expected_message}</arg>
<doc>Fails if the given objects are unequal.</doc>
<status status="PASS" start="2026-02-19T22:28:52.261908" elapsed="0.000256"/>
</kw>
<arg>collection_comp-lt33fcsl1</arg>
<arg>${test_data_missing_dropdown_option_message}</arg>
<status status="PASS" start="2026-02-19T22:28:52.259063" elapsed="0.003151"/>
</kw>
<kw name="Close All Browsers" owner="SeleniumLibrary" type="TEARDOWN">
<doc>Closes all open browsers and resets the browser cache.</doc>
<status status="PASS" start="2026-02-19T22:28:52.262387" elapsed="0.209559"/>
</kw>
<tag>single fault numberOfAdult</tag>
<status status="PASS" start="2026-02-19T22:28:46.627544" elapsed="5.844705"/>
</test>
<test id="s1-t7" name="Verify registration form with wrong email format" line="95">
<kw name="Open browser registration form" owner="hotel_booking">
<kw name="Open Browser" owner="SeleniumLibrary">
<msg time="2026-02-19T22:28:52.474242" level="INFO">Opening browser 'safari' to base url 'https://panaryco.wixsite.com/myhotel'.</msg>
<arg>${WEB_URL}</arg>
<arg>${WEB_BROWSER}</arg>
<doc>Opens a new browser instance to the optional ``url``.</doc>
<status status="PASS" start="2026-02-19T22:28:52.473880" elapsed="1.318114"/>
</kw>
<kw name="Maximize Browser Window" owner="SeleniumLibrary">
<doc>Maximizes current browser window.</doc>
<status status="PASS" start="2026-02-19T22:28:53.792184" elapsed="0.011014"/>
</kw>
<kw name="Sleep" owner="BuiltIn">
<msg time="2026-02-19T22:28:55.804899" level="INFO">Slept 2 seconds.</msg>
<arg>2</arg>
<doc>Pauses the test executed for the given time.</doc>
<status status="PASS" start="2026-02-19T22:28:53.803303" elapsed="2.001937"/>
</kw>
<status status="PASS" start="2026-02-19T22:28:52.473350" elapsed="3.332245"/>
</kw>
<kw name="Wait registration load complete" owner="hotel_booking">
<kw name="Wait Until Element Is Visible" owner="SeleniumLibrary">
<arg>//*[@id="comp-lt33fcq1"]</arg>
<doc>Waits until the element ``locator`` is visible.</doc>
<status status="PASS" start="2026-02-19T22:28:55.807193" elapsed="0.018457"/>
</kw>
<status status="PASS" start="2026-02-19T22:28:55.806394" elapsed="0.019364"/>
</kw>
<kw name="Input and verify firstname" owner="hotel_booking">
<kw name="Input Text" owner="SeleniumLibrary">
<msg time="2026-02-19T22:28:55.826442" level="INFO">Typing text 'firstName' into text field '//*[@id="input_comp-lt33fcq41"]'.</msg>
<arg>//*[@id="input_comp-lt33fcq41"]</arg>
<arg>${hotel_booking_firstname}</arg>
<doc>Types the given ``text`` into the text field identified by ``locator``.</doc>
<status status="PASS" start="2026-02-19T22:28:55.826224" elapsed="0.101177"/>
</kw>
<kw name="Get Value" owner="SeleniumLibrary">
<msg time="2026-02-19T22:28:55.945129" level="INFO">${firstname} = firstName</msg>
<var>${firstname}</var>
<arg>//*[@id="input_comp-lt33fcq41"]</arg>
<doc>Returns the value attribute of the element identified by ``locator``.</doc>
<status status="PASS" start="2026-02-19T22:28:55.927685" elapsed="0.017494"/>
</kw>
<kw name="Should Be Equal" owner="BuiltIn">
<arg>${firstname}</arg>
<arg>${hotel_booking_firstname}</arg>
<doc>Fails if the given objects are unequal.</doc>
<status status="PASS" start="2026-02-19T22:28:55.945470" elapsed="0.000495"/>
</kw>
<status status="PASS" start="2026-02-19T22:28:55.825978" elapsed="0.120079"/>
</kw>
<kw name="Input and verify lastname" owner="hotel_booking">
<kw name="Input Text" owner="SeleniumLibrary">
<msg time="2026-02-19T22:28:55.947097" level="INFO">Typing text 'lastName' into text field '//*[@id="input_comp-lt33fcs1"]'.</msg>
<arg>//*[@id="input_comp-lt33fcs1"]</arg>
<arg>${hotel_booking_lastname}</arg>
<doc>Types the given ``text`` into the text field identified by ``locator``.</doc>
<status status="PASS" start="2026-02-19T22:28:55.946767" elapsed="0.085952"/>
</kw>
<kw name="Get Value" owner="SeleniumLibrary">
<msg time="2026-02-19T22:28:56.041387" level="INFO">${lastName} = lastName</msg>
<var>${lastName}</var>
<arg>//*[@id="input_comp-lt33fcs1"]</arg>
<doc>Returns the value attribute of the element identified by ``locator``.</doc>
<status status="PASS" start="2026-02-19T22:28:56.032974" elapsed="0.008464"/>
</kw>
<kw name="Should Be Equal" owner="BuiltIn">
<arg>${lastName}</arg>
<arg>${hotel_booking_lastname}</arg>
<doc>Fails if the given objects are unequal.</doc>
<status status="PASS" start="2026-02-19T22:28:56.041623" elapsed="0.000331"/>
</kw>
<status status="PASS" start="2026-02-19T22:28:55.946386" elapsed="0.095633"/>
</kw>
<kw name="Input and verify phone" owner="hotel_booking">
<kw name="Input Text" owner="SeleniumLibrary">
<msg time="2026-02-19T22:28:56.042882" level="INFO">Typing text '000000000' into text field '//*[@id="input_comp-lt33fcsi1"]'.</msg>
<arg>//*[@id="input_comp-lt33fcsi1"]</arg>
<arg>${hotel_booking_mobile_phone}</arg>
<doc>Types the given ``text`` into the text field identified by ``locator``.</doc>
<status status="PASS" start="2026-02-19T22:28:56.042588" elapsed="0.074158"/>
</kw>
<kw name="Get Value" owner="SeleniumLibrary">
<msg time="2026-02-19T22:28:56.128557" level="INFO">${phone} = 000000000</msg>
<var>${phone}</var>
<arg>//*[@id="input_comp-lt33fcsi1"]</arg>
<doc>Returns the value attribute of the element identified by ``locator``.</doc>
<status status="PASS" start="2026-02-19T22:28:56.117055" elapsed="0.011573"/>
</kw>
<kw name="Should Be Equal" owner="BuiltIn">
<arg>${phone}</arg>
<arg>${hotel_booking_mobile_phone}</arg>
<doc>Fails if the given objects are unequal.</doc>
<status status="PASS" start="2026-02-19T22:28:56.129106" elapsed="0.000589"/>
</kw>
<status status="PASS" start="2026-02-19T22:28:56.042263" elapsed="0.087543"/>
</kw>
<kw name="Input and verify email with format check" owner="hotel_booking">
<kw name="Input Text" owner="SeleniumLibrary">
<msg time="2026-02-19T22:28:56.130778" level="INFO">Typing text 'studentName@chula' into text field '//*[@id="input_comp-lt33fcsf1"]'.</msg>
<arg>//*[@id="input_comp-lt33fcsf1"]</arg>
<arg>${hotel_booking_email_invalid}</arg>
<doc>Types the given ``text`` into the text field identified by ``locator``.</doc>
<status status="PASS" start="2026-02-19T22:28:56.130467" elapsed="0.330558"/>
</kw>
<kw name="Get Value" owner="SeleniumLibrary">
<msg time="2026-02-19T22:28:56.474496" level="INFO">${emailAddress} = studentName@chula</msg>
<var>${emailAddress}</var>
<arg>//*[@id="input_comp-lt33fcsf1"]</arg>
<doc>Returns the value attribute of the element identified by ``locator``.</doc>
<status status="PASS" start="2026-02-19T22:28:56.461413" elapsed="0.013148"/>
</kw>
<kw name="Run Keyword And Return Status" owner="BuiltIn">
<kw name="Should Match Regexp" owner="BuiltIn">
<arg>${emailAddress}</arg>
<arg>^[A-Za-z0-9._%+-]+@[A-Za-z0-9.-]+\.[A-Za-z]{2,}$</arg>
<doc>Fails if ``string`` does not match ``pattern`` as a regular expression.</doc>
<status status="PASS" start="2026-02-19T22:28:56.475435" elapsed="0.000697"/>
</kw>
<msg time="2026-02-19T22:28:56.476285" level="INFO">${isValid} = True</msg>
<var>${isValid}</var>
<arg>Should Match Regexp</arg>
<arg>${emailAddress}</arg>
<arg>^[A-Za-z0-9._%+-]+@[A-Za-z0-9.-]+\.[A-Za-z]{2,}$</arg>
<doc>Runs the specified keyword and returns the status as a Boolean value.</doc>
<status status="PASS" start="2026-02-19T22:28:56.474838" elapsed="0.001480"/>
</kw>
<kw name="Should Be True" owner="BuiltIn">
<arg>${isValid}</arg>
<arg>Email format is invalid: ${emailAddress}</arg>
<doc>Fails if the given condition is not true.</doc>
<status status="PASS" start="2026-02-19T22:28:56.476456" elapsed="0.000363"/>
</kw>
<status status="PASS" start="2026-02-19T22:28:56.130135" elapsed="0.346773"/>
</kw>
<kw name="Scroll to bottom and wait" owner="hotel_booking">
<kw name="Execute Javascript" owner="SeleniumLibrary">
<msg time="2026-02-19T22:28:56.477850" level="INFO">Executing JavaScript:
window.scrollTo(0, document.body.scrollHeight)
Without any arguments.</msg>
<arg>window.scrollTo(0, document.body.scrollHeight)</arg>
<doc>Executes the given JavaScript code with possible arguments.</doc>
<status status="PASS" start="2026-02-19T22:28:56.477416" elapsed="0.079523"/>
</kw>
<kw name="Sleep" owner="BuiltIn">
<msg time="2026-02-19T22:28:58.558270" level="INFO">Slept 2 seconds.</msg>
<arg>2s</arg>
<doc>Pauses the test executed for the given time.</doc>
<status status="PASS" start="2026-02-19T22:28:56.557363" elapsed="2.001043"/>
</kw>
<status status="PASS" start="2026-02-19T22:28:56.477140" elapsed="2.081374"/>
</kw>
<kw name="Select and verify numberOfAdult" owner="hotel_booking">
<kw name="Click Element" owner="commonKeywords">
<kw name="Wait Until Element Is Visible" owner="SeleniumLibrary">
<arg>${locator}</arg>
<arg>timeout=${timeout}</arg>
<doc>Waits until the element ``locator`` is visible.</doc>
<status status="PASS" start="2026-02-19T22:28:58.560157" elapsed="0.010008"/>
</kw>
<kw name="Click Element" owner="SeleniumLibrary">
<msg time="2026-02-19T22:28:58.570502" level="INFO">Clicking element '//*[@id="collection_comp-lt33fcsl1"]'.</msg>
<arg>${locator}</arg>
<doc>Click the element identified by ``locator``.</doc>
<status status="PASS" start="2026-02-19T22:28:58.570325" elapsed="0.035452"/>
</kw>
<arg>//*[@id="collection_comp-lt33fcsl1"]</arg>
<doc>${locator} - could be any selenium locator and webelement object
${timeout} - &lt;optional&gt;
Make sure that 15 can be accessed globally</doc>
<status status="PASS" start="2026-02-19T22:28:58.559908" elapsed="0.045970"/>
</kw>
<kw name="Wait Until Element Contains" owner="SeleniumLibrary">
<arg>//*[@id="menuitem-1"]</arg>
<arg>2</arg>
<doc>Waits until the element ``locator`` contains ``text``.</doc>
<status status="PASS" start="2026-02-19T22:28:58.606000" elapsed="0.006235"/>
</kw>
<kw name="Click Element" owner="commonKeywords">
<kw name="Wait Until Element Is Visible" owner="SeleniumLibrary">
<arg>${locator}</arg>
<arg>timeout=${timeout}</arg>
<doc>Waits until the element ``locator`` is visible.</doc>
<status status="PASS" start="2026-02-19T22:28:58.613735" elapsed="0.006904"/>
</kw>
<kw name="Click Element" owner="SeleniumLibrary">
<msg time="2026-02-19T22:28:58.621192" level="INFO">Clicking element '//*[@id="menuitem-1"]'.</msg>
<arg>${locator}</arg>
<doc>Click the element identified by ``locator``.</doc>
<status status="PASS" start="2026-02-19T22:28:58.620839" elapsed="0.025699"/>
</kw>
<arg>//*[@id="menuitem-1"]</arg>
<doc>${locator} - could be any selenium locator and webelement object
${timeout} - &lt;optional&gt;
Make sure that 15 can be accessed globally</doc>
<status status="PASS" start="2026-02-19T22:28:58.613439" elapsed="0.033209"/>
</kw>
<kw name="Get Value" owner="SeleniumLibrary">
<msg time="2026-02-19T22:28:58.655624" level="INFO">${numberOfAdult} = 2</msg>
<var>${numberOfAdult}</var>
<arg>//*[@id="collection_comp-lt33fcsl1"]</arg>
<doc>Returns the value attribute of the element identified by ``locator``.</doc>
<status status="PASS" start="2026-02-19T22:28:58.646780" elapsed="0.008916"/>
</kw>
<kw name="Should Be Equal" owner="BuiltIn">
<arg>${numberOfAdult}</arg>
<arg>${number_of_adults}</arg>
<doc>Fails if the given objects are unequal.</doc>
<status status="PASS" start="2026-02-19T22:28:58.655968" elapsed="0.000506"/>
</kw>
<status status="PASS" start="2026-02-19T22:28:58.558763" elapsed="0.097792"/>
</kw>
<kw name="Select pet option" owner="hotel_booking">
<kw name="Click Element" owner="commonKeywords">
<kw name="Wait Until Element Is Visible" owner="SeleniumLibrary">
<arg>${locator}</arg>
<arg>timeout=${timeout}</arg>
<doc>Waits until the element ``locator`` is visible.</doc>
<status status="PASS" start="2026-02-19T22:28:58.658539" elapsed="0.008606"/>
</kw>
<kw name="Click Element" owner="SeleniumLibrary">
<msg time="2026-02-19T22:28:58.667701" level="INFO">Clicking element '//div[@data-testid="radioGroup"]//*[text()="Yes"]'.</msg>
<arg>${locator}</arg>
<doc>Click the element identified by ``locator``.</doc>
<status status="PASS" start="2026-02-19T22:28:58.667407" elapsed="0.023794"/>
</kw>
<arg>//div[@data-testid="radioGroup"]//*[text()="Yes"]</arg>
<doc>${locator} - could be any selenium locator and webelement object
${timeout} - &lt;optional&gt;
Make sure that 15 can be accessed globally</doc>
<status status="PASS" start="2026-02-19T22:28:58.658254" elapsed="0.033057"/>
</kw>
<status status="PASS" start="2026-02-19T22:28:58.656783" elapsed="0.034580"/>
</kw>
<kw name="Select and verify note" owner="hotel_booking">
<kw name="Input Text" owner="SeleniumLibrary">
<msg time="2026-02-19T22:28:58.692014" level="INFO">Typing text 'note' into text field '//*[@id="input_comp-lt33fct3"]'.</msg>
<arg>//*[@id="input_comp-lt33fct3"]</arg>
<arg>${hotel_booking_note}</arg>
<doc>Types the given ``text`` into the text field identified by ``locator``.</doc>
<status status="PASS" start="2026-02-19T22:28:58.691839" elapsed="0.018640"/>
</kw>
<kw name="Get Value" owner="SeleniumLibrary">
<msg time="2026-02-19T22:28:58.715701" level="INFO">${note} = note</msg>
<var>${note}</var>
<arg>//*[@id="input_comp-lt33fct3"]</arg>
<doc>Returns the value attribute of the element identified by ``locator``.</doc>
<status status="PASS" start="2026-02-19T22:28:58.710684" elapsed="0.005056"/>
</kw>
<kw name="Should Be Equal" owner="BuiltIn">
<arg>${note}</arg>
<arg>${hotel_booking_note}</arg>
<doc>Fails if the given objects are unequal.</doc>
<status status="PASS" start="2026-02-19T22:28:58.715875" elapsed="0.000301"/>
</kw>
<status status="PASS" start="2026-02-19T22:28:58.691608" elapsed="0.024635"/>
</kw>
<kw name="Click accept term" owner="hotel_booking">
<kw name="Click Element" owner="commonKeywords">
<kw name="Wait Until Element Is Visible" owner="SeleniumLibrary">
<arg>${locator}</arg>
<arg>timeout=${timeout}</arg>
<doc>Waits until the element ``locator`` is visible.</doc>
<status status="PASS" start="2026-02-19T22:28:58.719307" elapsed="0.006010"/>
</kw>
<kw name="Click Element" owner="SeleniumLibrary">
<msg time="2026-02-19T22:28:58.725759" level="INFO">Clicking element '//*[@id="comp-ltubl84u"]'.</msg>
<arg>${locator}</arg>
<doc>Click the element identified by ``locator``.</doc>
<status status="PASS" start="2026-02-19T22:28:58.725551" elapsed="0.017498"/>
</kw>
<arg>//*[@id="comp-ltubl84u"]</arg>
<doc>${locator} - could be any selenium locator and webelement object
${timeout} - &lt;optional&gt;
Make sure that 15 can be accessed globally</doc>
<status status="PASS" start="2026-02-19T22:28:58.718873" elapsed="0.024439"/>
</kw>
<status status="PASS" start="2026-02-19T22:28:58.717360" elapsed="0.026100"/>
</kw>
<kw name="Click submit form" owner="hotel_booking">
<kw name="Click Element" owner="commonKeywords">
<kw name="Wait Until Element Is Visible" owner="SeleniumLibrary">
<arg>${locator}</arg>
<arg>timeout=${timeout}</arg>
<doc>Waits until the element ``locator`` is visible.</doc>
<status status="PASS" start="2026-02-19T22:28:58.745323" elapsed="0.006508"/>
</kw>
<kw name="Click Element" owner="SeleniumLibrary">
<msg time="2026-02-19T22:28:58.752290" level="INFO">Clicking element '//*[@class="l7_2fn wixui-button__label"]'.</msg>
<arg>${locator}</arg>
<doc>Click the element identified by ``locator``.</doc>
<status status="PASS" start="2026-02-19T22:28:58.752024" elapsed="0.021840"/>
</kw>
<arg>//*[@class="l7_2fn wixui-button__label"]</arg>
<doc>${locator} - could be any selenium locator and webelement object
${timeout} - &lt;optional&gt;
Make sure that 15 can be accessed globally</doc>
<status status="PASS" start="2026-02-19T22:28:58.745060" elapsed="0.028906"/>
</kw>
<status status="PASS" start="2026-02-19T22:28:58.743795" elapsed="0.030221"/>
</kw>
<kw name="Verify missing input message" owner="hotel_booking">
<kw name="Execute Javascript" owner="SeleniumLibrary">
<msg time="2026-02-19T22:28:58.774860" level="INFO">Executing JavaScript:
return document.getElementById("input_comp-lt33fcsf1").validationMessage;
Without any arguments.</msg>
<msg time="2026-02-19T22:28:58.776964" level="INFO">${message} = Please enter a valid email address.</msg>
<var>${message}</var>
<arg>return document.getElementById("${element_id}").validationMessage;</arg>
<doc>Executes the given JavaScript code with possible arguments.</doc>
<status status="PASS" start="2026-02-19T22:28:58.774545" elapsed="0.002451"/>
</kw>
<kw name="Should Be Equal" owner="BuiltIn">
<arg>${message}</arg>
<arg>${expected_message}</arg>
<doc>Fails if the given objects are unequal.</doc>
<status status="PASS" start="2026-02-19T22:28:58.777141" elapsed="0.000263"/>
</kw>
<arg>input_comp-lt33fcsf1</arg>
<arg>${test_data_invalid_email_message}</arg>
<status status="PASS" start="2026-02-19T22:28:58.774237" elapsed="0.003220"/>
</kw>
<kw name="Close All Browsers" owner="SeleniumLibrary" type="TEARDOWN">
<doc>Closes all open browsers and resets the browser cache.</doc>
<status status="PASS" start="2026-02-19T22:28:58.777643" elapsed="0.216554"/>
</kw>
<tag>All Input</tag>
<status status="PASS" start="2026-02-19T22:28:52.472705" elapsed="6.521785"/>
</test>
<status status="PASS" start="2026-02-19T22:28:17.462122" elapsed="41.533122"/>
</suite>
<statistics>
<total>
<stat pass="7" fail="0" skip="0">All Tests</stat>
</total>
<tag>
<stat pass="2" fail="0" skip="0">All Input</stat>
<stat pass="1" fail="0" skip="0">single fault email</stat>
<stat pass="1" fail="0" skip="0">single fault firstname</stat>
<stat pass="1" fail="0" skip="0">single fault lastname</stat>
<stat pass="1" fail="0" skip="0">single fault numberOfAdult</stat>
<stat pass="1" fail="0" skip="0">single fault phone</stat>
</tag>
<suite>
<stat name="Hotel Booking" id="s1" pass="7" fail="0" skip="0">Hotel Booking</stat>
</suite>
</statistics>
<errors>
<msg time="2026-02-19T22:28:17.512627" level="WARN">Error in file '/Users/ingkharutruttana-o-pha/Desktop/6633291521_robot_framework/keywords/ui/page/hotel_booking.robot' on line 1: Singular section headers like '*** Setting ***' are deprecated. Use plural format like '*** Settings ***' instead.</msg>
</errors>
</robot>
