<?xml version="1.0" encoding="UTF-8"?>
<robot generator="Robot 7.4.1 (Python 3.14.3 on darwin)" generated="2026-02-14T16:57:56.841563" rpa="false" schemaversion="5">
<suite id="s1" name="Hotel Booking" source="/Users/ingkharutruttana-o-pha/Desktop/cu_robot_framework/testcases/master/hotel_booking.robot">
<test id="s1-t1" name="Verify registration form with all input field" line="9">
<kw name="Open browser registration form" owner="hotel_booking">
<kw name="Open Browser" owner="SeleniumLibrary">
<msg time="2026-02-14T16:57:56.936728" level="INFO">Opening browser 'safari' to base url 'https://panaryco.wixsite.com/myhotel'.</msg>
<arg>${WEB_URL}</arg>
<arg>${WEB_BROWSER}</arg>
<doc>Opens a new browser instance to the optional ``url``.</doc>
<status status="PASS" start="2026-02-14T16:57:56.936607" elapsed="1.613324"/>
</kw>
<kw name="Maximize Browser Window" owner="SeleniumLibrary">
<doc>Maximizes current browser window.</doc>
<status status="PASS" start="2026-02-14T16:57:58.550326" elapsed="0.014946"/>
</kw>
<kw name="Sleep" owner="BuiltIn">
<msg time="2026-02-14T16:58:00.567122" level="INFO">Slept 2 seconds.</msg>
<arg>2</arg>
<doc>Pauses the test executed for the given time.</doc>
<status status="PASS" start="2026-02-14T16:57:58.565494" elapsed="2.002003"/>
</kw>
<status status="PASS" start="2026-02-14T16:57:56.936288" elapsed="3.631618"/>
</kw>
<kw name="Wait registration load complete" owner="hotel_booking">
<kw name="Wait Until Element Is Visible" owner="SeleniumLibrary">
<arg>//*[@id="comp-lt33fcq1"]</arg>
<doc>Waits until the element ``locator`` is visible.</doc>
<status status="PASS" start="2026-02-14T16:58:00.569551" elapsed="0.021758"/>
</kw>
<status status="PASS" start="2026-02-14T16:58:00.568844" elapsed="0.022724"/>
</kw>
<kw name="Input and verify firstname" owner="hotel_booking">
<kw name="Input Text" owner="SeleniumLibrary">
<msg time="2026-02-14T16:58:00.592905" level="INFO">Typing text 'firstName' into text field '//*[@id="input_comp-lt33fcq41"]'.</msg>
<arg>//*[@id="input_comp-lt33fcq41"]</arg>
<arg>${hotel_booking_firstname}</arg>
<doc>Types the given ``text`` into the text field identified by ``locator``.</doc>
<status status="PASS" start="2026-02-14T16:58:00.592461" elapsed="0.060604"/>
</kw>
<kw name="Get Value" owner="SeleniumLibrary">
<msg time="2026-02-14T16:58:00.660714" level="INFO">${firstname} = firstName</msg>
<var>${firstname}</var>
<arg>//*[@id="input_comp-lt33fcq41"]</arg>
<doc>Returns the value attribute of the element identified by ``locator``.</doc>
<status status="PASS" start="2026-02-14T16:58:00.653369" elapsed="0.007391"/>
</kw>
<kw name="Should Be Equal" owner="BuiltIn">
<arg>${firstname}</arg>
<arg>${hotel_booking_firstname}</arg>
<doc>Fails if the given objects are unequal.</doc>
<status status="PASS" start="2026-02-14T16:58:00.660945" elapsed="0.000641"/>
</kw>
<status status="PASS" start="2026-02-14T16:58:00.592035" elapsed="0.069704"/>
</kw>
<kw name="Input and verify lastname" owner="hotel_booking">
<kw name="Input Text" owner="SeleniumLibrary">
<msg time="2026-02-14T16:58:00.662642" level="INFO">Typing text 'lastName' into text field '//*[@id="input_comp-lt33fcs1"]'.</msg>
<arg>//*[@id="input_comp-lt33fcs1"]</arg>
<arg>${hotel_booking_lastname}</arg>
<doc>Types the given ``text`` into the text field identified by ``locator``.</doc>
<status status="PASS" start="2026-02-14T16:58:00.662368" elapsed="0.024149"/>
</kw>
<kw name="Get Value" owner="SeleniumLibrary">
<msg time="2026-02-14T16:58:00.691199" level="INFO">${lastName} = lastName</msg>
<var>${lastName}</var>
<arg>//*[@id="input_comp-lt33fcs1"]</arg>
<doc>Returns the value attribute of the element identified by ``locator``.</doc>
<status status="PASS" start="2026-02-14T16:58:00.686696" elapsed="0.004540"/>
</kw>
<kw name="Should Be Equal" owner="BuiltIn">
<arg>${lastName}</arg>
<arg>${hotel_booking_lastname}</arg>
<doc>Fails if the given objects are unequal.</doc>
<status status="PASS" start="2026-02-14T16:58:00.691352" elapsed="0.000283"/>
</kw>
<status status="PASS" start="2026-02-14T16:58:00.662047" elapsed="0.029642"/>
</kw>
<kw name="Input and verify phone" owner="hotel_booking">
<kw name="Input Text" owner="SeleniumLibrary">
<msg time="2026-02-14T16:58:00.692257" level="INFO">Typing text '000000000' into text field '//*[@id="input_comp-lt33fcsi1"]'.</msg>
<arg>//*[@id="input_comp-lt33fcsi1"]</arg>
<arg>${hotel_booking_mobile_phone}</arg>
<doc>Types the given ``text`` into the text field identified by ``locator``.</doc>
<status status="PASS" start="2026-02-14T16:58:00.692090" elapsed="0.022470"/>
</kw>
<kw name="Get Value" owner="SeleniumLibrary">
<msg time="2026-02-14T16:58:00.731849" level="INFO">${phone} = 000000000</msg>
<var>${phone}</var>
<arg>//*[@id="input_comp-lt33fcsi1"]</arg>
<doc>Returns the value attribute of the element identified by ``locator``.</doc>
<status status="PASS" start="2026-02-14T16:58:00.714931" elapsed="0.017001"/>
</kw>
<kw name="Should Be Equal" owner="BuiltIn">
<arg>${phone}</arg>
<arg>${hotel_booking_mobile_phone}</arg>
<doc>Fails if the given objects are unequal.</doc>
<status status="PASS" start="2026-02-14T16:58:00.732227" elapsed="0.000782"/>
</kw>
<status status="PASS" start="2026-02-14T16:58:00.691885" elapsed="0.041285"/>
</kw>
<kw name="Input and verify email" owner="hotel_booking">
<kw name="Input Text" owner="SeleniumLibrary">
<msg time="2026-02-14T16:58:00.734294" level="INFO">Typing text 'studentName@chula.ac.th' into text field '//*[@id="input_comp-lt33fcsf1"]'.</msg>
<arg>//*[@id="input_comp-lt33fcsf1"]</arg>
<arg>${hotel_booking_email}</arg>
<doc>Types the given ``text`` into the text field identified by ``locator``.</doc>
<status status="PASS" start="2026-02-14T16:58:00.733977" elapsed="0.036320"/>
</kw>
<kw name="Get Value" owner="SeleniumLibrary">
<msg time="2026-02-14T16:58:00.777309" level="INFO">${emailAddress} = studentName@chula.ac.th</msg>
<var>${emailAddress}</var>
<arg>//*[@id="input_comp-lt33fcsf1"]</arg>
<doc>Returns the value attribute of the element identified by ``locator``.</doc>
<status status="PASS" start="2026-02-14T16:58:00.770641" elapsed="0.006739"/>
</kw>
<kw name="Should Be Equal" owner="BuiltIn">
<arg>${emailAddress}</arg>
<arg>${hotel_booking_email}</arg>
<doc>Fails if the given objects are unequal.</doc>
<status status="PASS" start="2026-02-14T16:58:00.777670" elapsed="0.000663"/>
</kw>
<status status="PASS" start="2026-02-14T16:58:00.733619" elapsed="0.044840"/>
</kw>
<kw name="Scroll to bottom and wait" owner="hotel_booking">
<kw name="Execute Javascript" owner="SeleniumLibrary">
<msg time="2026-02-14T16:58:00.779485" level="INFO">Executing JavaScript:
window.scrollTo(0, document.body.scrollHeight)
Without any arguments.</msg>
<arg>window.scrollTo(0, document.body.scrollHeight)</arg>
<doc>Executes the given JavaScript code with possible arguments.</doc>
<status status="PASS" start="2026-02-14T16:58:00.779108" elapsed="0.004268"/>
</kw>
<kw name="Sleep" owner="BuiltIn">
<msg time="2026-02-14T16:58:02.784823" level="INFO">Slept 2 seconds.</msg>
<arg>2s</arg>
<doc>Pauses the test executed for the given time.</doc>
<status status="PASS" start="2026-02-14T16:58:00.783728" elapsed="2.001220"/>
</kw>
<status status="PASS" start="2026-02-14T16:58:00.778828" elapsed="2.006212"/>
</kw>
<kw name="Select and verify numberOfAdult" owner="hotel_booking">
<kw name="Click Element" owner="commonKeywords">
<kw name="Wait Until Element Is Visible" owner="SeleniumLibrary">
<arg>${locator}</arg>
<arg>timeout=${timeout}</arg>
<doc>Waits until the element ``locator`` is visible.</doc>
<status status="PASS" start="2026-02-14T16:58:02.786487" elapsed="0.009025"/>
</kw>
<kw name="Click Element" owner="SeleniumLibrary">
<msg time="2026-02-14T16:58:02.795737" level="INFO">Clicking element '//*[@id="collection_comp-lt33fcsl1"]'.</msg>
<arg>${locator}</arg>
<doc>Click the element identified by ``locator``.</doc>
<status status="PASS" start="2026-02-14T16:58:02.795617" elapsed="0.037244"/>
</kw>
<arg>//*[@id="collection_comp-lt33fcsl1"]</arg>
<doc>${locator} - could be any selenium locator and webelement object
${timeout} - &lt;optional&gt;
Make sure that 15 can be accessed globally</doc>
<status status="PASS" start="2026-02-14T16:58:02.786266" elapsed="0.046679"/>
</kw>
<kw name="Wait Until Element Contains" owner="SeleniumLibrary">
<msg time="2026-02-14T16:58:08.266893" level="INFO" html="true">&lt;/td&gt;&lt;/tr&gt;&lt;tr&gt;&lt;td colspan="3"&gt;&lt;a href="selenium-screenshot-6.png"&gt;&lt;img src="selenium-screenshot-6.png" width="800px"&gt;&lt;/a&gt;</msg>
<msg time="2026-02-14T16:58:08.267302" level="FAIL">Element with locator '//*[@id="menuitem-1"]' not found.</msg>
<arg>//*[@id="menuitem-1"]</arg>
<arg>2</arg>
<doc>Waits until the element ``locator`` contains ``text``.</doc>
<status status="FAIL" start="2026-02-14T16:58:02.833085" elapsed="5.437374">Element with locator '//*[@id="menuitem-1"]' not found.</status>
</kw>
<kw name="Click Element" owner="commonKeywords">
<arg>//*[@id="menuitem-1"]</arg>
<doc>${locator} - could be any selenium locator and webelement object
${timeout} - &lt;optional&gt;
Make sure that 15 can be accessed globally</doc>
<status status="NOT RUN" start="2026-02-14T16:58:08.271759" elapsed="0.000048"/>
</kw>
<kw name="Get Value" owner="SeleniumLibrary">
<var>${numberOfAdult}</var>
<arg>//*[@id="collection_comp-lt33fcsl1"]</arg>
<doc>Returns the value attribute of the element identified by ``locator``.</doc>
<status status="NOT RUN" start="2026-02-14T16:58:08.271939" elapsed="0.000020"/>
</kw>
<kw name="Should Be Equal" owner="BuiltIn">
<arg>${numberOfAdult}</arg>
<arg>${number_of_adults}</arg>
<doc>Fails if the given objects are unequal.</doc>
<status status="NOT RUN" start="2026-02-14T16:58:08.272039" elapsed="0.000017"/>
</kw>
<status status="FAIL" start="2026-02-14T16:58:02.785328" elapsed="5.486872">Element with locator '//*[@id="menuitem-1"]' not found.</status>
</kw>
<kw name="Select pet option" owner="hotel_booking">
<status status="NOT RUN" start="2026-02-14T16:58:08.272404" elapsed="0.000020"/>
</kw>
<kw name="Select and verify note" owner="hotel_booking">
<status status="NOT RUN" start="2026-02-14T16:58:08.272548" elapsed="0.000017"/>
</kw>
<kw name="Click accept term" owner="hotel_booking">
<status status="NOT RUN" start="2026-02-14T16:58:08.272644" elapsed="0.000016"/>
</kw>
<kw name="Click submit form" owner="hotel_booking">
<status status="NOT RUN" start="2026-02-14T16:58:08.272737" elapsed="0.000017"/>
</kw>
<kw name="Verify success submit message" owner="hotel_booking">
<status status="NOT RUN" start="2026-02-14T16:58:08.272836" elapsed="0.000017"/>
</kw>
<kw name="Close All Browsers" owner="SeleniumLibrary" type="TEARDOWN">
<doc>Closes all open browsers and resets the browser cache.</doc>
<status status="PASS" start="2026-02-14T16:58:08.273301" elapsed="0.223499"/>
</kw>
<tag>All Input</tag>
<status status="FAIL" start="2026-02-14T16:57:56.935986" elapsed="11.560953">Element with locator '//*[@id="menuitem-1"]' not found.</status>
</test>
<test id="s1-t2" name="Verify registration form with single fault firstname" line="25">
<kw name="Open browser registration form" owner="hotel_booking">
<kw name="Open Browser" owner="SeleniumLibrary">
<msg time="2026-02-14T16:58:08.497817" level="INFO">Opening browser 'safari' to base url 'https://panaryco.wixsite.com/myhotel'.</msg>
<arg>${WEB_URL}</arg>
<arg>${WEB_BROWSER}</arg>
<doc>Opens a new browser instance to the optional ``url``.</doc>
<status status="PASS" start="2026-02-14T16:58:08.497694" elapsed="1.570863"/>
</kw>
<kw name="Maximize Browser Window" owner="SeleniumLibrary">
<doc>Maximizes current browser window.</doc>
<status status="PASS" start="2026-02-14T16:58:10.069076" elapsed="0.012514"/>
</kw>
<kw name="Sleep" owner="BuiltIn">
<msg time="2026-02-14T16:58:12.083511" level="INFO">Slept 2 seconds.</msg>
<arg>2</arg>
<doc>Pauses the test executed for the given time.</doc>
<status status="PASS" start="2026-02-14T16:58:10.081766" elapsed="2.001912"/>
</kw>
<status status="PASS" start="2026-02-14T16:58:08.497559" elapsed="3.586279"/>
</kw>
<kw name="Wait registration load complete" owner="hotel_booking">
<kw name="Wait Until Element Is Visible" owner="SeleniumLibrary">
<arg>//*[@id="comp-lt33fcq1"]</arg>
<doc>Waits until the element ``locator`` is visible.</doc>
<status status="PASS" start="2026-02-14T16:58:12.084665" elapsed="0.012651"/>
</kw>
<status status="PASS" start="2026-02-14T16:58:12.084237" elapsed="0.013148"/>
</kw>
<kw name="Verify firstname is empty" owner="hotel_booking">
<kw name="Get Value" owner="SeleniumLibrary">
<msg time="2026-02-14T16:58:12.103823" level="INFO">${firstname} = </msg>
<var>${firstname}</var>
<arg>//*[@id="input_comp-lt33fcq41"]</arg>
<doc>Returns the value attribute of the element identified by ``locator``.</doc>
<status status="PASS" start="2026-02-14T16:58:12.097686" elapsed="0.006163"/>
</kw>
<kw name="Should Be Equal" owner="BuiltIn">
<arg>${firstname}</arg>
<arg>${EMPTY}</arg>
<doc>Fails if the given objects are unequal.</doc>
<status status="PASS" start="2026-02-14T16:58:12.104012" elapsed="0.000489"/>
</kw>
<status status="PASS" start="2026-02-14T16:58:12.097527" elapsed="0.007023"/>
</kw>
<kw name="Input and verify lastname" owner="hotel_booking">
<kw name="Input Text" owner="SeleniumLibrary">
<msg time="2026-02-14T16:58:12.104908" level="INFO">Typing text 'lastName' into text field '//*[@id="input_comp-lt33fcs1"]'.</msg>
<arg>//*[@id="input_comp-lt33fcs1"]</arg>
<arg>${hotel_booking_lastname}</arg>
<doc>Types the given ``text`` into the text field identified by ``locator``.</doc>
<status status="PASS" start="2026-02-14T16:58:12.104792" elapsed="0.096298"/>
</kw>
<kw name="Get Value" owner="SeleniumLibrary">
<msg time="2026-02-14T16:58:12.206605" level="INFO">${lastName} = lastName</msg>
<var>${lastName}</var>
<arg>//*[@id="input_comp-lt33fcs1"]</arg>
<doc>Returns the value attribute of the element identified by ``locator``.</doc>
<status status="PASS" start="2026-02-14T16:58:12.201269" elapsed="0.005369"/>
</kw>
<kw name="Should Be Equal" owner="BuiltIn">
<arg>${lastName}</arg>
<arg>${hotel_booking_lastname}</arg>
<doc>Fails if the given objects are unequal.</doc>
<status status="PASS" start="2026-02-14T16:58:12.206750" elapsed="0.000278"/>
</kw>
<status status="PASS" start="2026-02-14T16:58:12.104664" elapsed="0.102422"/>
</kw>
<kw name="Input and verify phone" owner="hotel_booking">
<kw name="Input Text" owner="SeleniumLibrary">
<msg time="2026-02-14T16:58:12.207538" level="INFO">Typing text '000000000' into text field '//*[@id="input_comp-lt33fcsi1"]'.</msg>
<arg>//*[@id="input_comp-lt33fcsi1"]</arg>
<arg>${hotel_booking_mobile_phone}</arg>
<doc>Types the given ``text`` into the text field identified by ``locator``.</doc>
<status status="PASS" start="2026-02-14T16:58:12.207406" elapsed="0.114728"/>
</kw>
<kw name="Get Value" owner="SeleniumLibrary">
<msg time="2026-02-14T16:58:12.332335" level="INFO">${phone} = 000000000</msg>
<var>${phone}</var>
<arg>//*[@id="input_comp-lt33fcsi1"]</arg>
<doc>Returns the value attribute of the element identified by ``locator``.</doc>
<status status="PASS" start="2026-02-14T16:58:12.322607" elapsed="0.009781"/>
</kw>
<kw name="Should Be Equal" owner="BuiltIn">
<arg>${phone}</arg>
<arg>${hotel_booking_mobile_phone}</arg>
<doc>Fails if the given objects are unequal.</doc>
<status status="PASS" start="2026-02-14T16:58:12.332578" elapsed="0.000442"/>
</kw>
<status status="PASS" start="2026-02-14T16:58:12.207242" elapsed="0.125859"/>
</kw>
<kw name="Input and verify email" owner="hotel_booking">
<kw name="Input Text" owner="SeleniumLibrary">
<msg time="2026-02-14T16:58:12.333757" level="INFO">Typing text 'studentName@chula.ac.th' into text field '//*[@id="input_comp-lt33fcsf1"]'.</msg>
<arg>//*[@id="input_comp-lt33fcsf1"]</arg>
<arg>${hotel_booking_email}</arg>
<doc>Types the given ``text`` into the text field identified by ``locator``.</doc>
<status status="PASS" start="2026-02-14T16:58:12.333556" elapsed="0.257305"/>
</kw>
<kw name="Get Value" owner="SeleniumLibrary">
<msg time="2026-02-14T16:58:12.600452" level="INFO">${emailAddress} = studentName@chula.ac.th</msg>
<var>${emailAddress}</var>
<arg>//*[@id="input_comp-lt33fcsf1"]</arg>
<doc>Returns the value attribute of the element identified by ``locator``.</doc>
<status status="PASS" start="2026-02-14T16:58:12.591098" elapsed="0.009406"/>
</kw>
<kw name="Should Be Equal" owner="BuiltIn">
<arg>${emailAddress}</arg>
<arg>${hotel_booking_email}</arg>
<doc>Fails if the given objects are unequal.</doc>
<status status="PASS" start="2026-02-14T16:58:12.600694" elapsed="0.000481"/>
</kw>
<status status="PASS" start="2026-02-14T16:58:12.333327" elapsed="0.267932"/>
</kw>
<kw name="Scroll to bottom and wait" owner="hotel_booking">
<kw name="Execute Javascript" owner="SeleniumLibrary">
<msg time="2026-02-14T16:58:12.615006" level="INFO">Executing JavaScript:
window.scrollTo(0, document.body.scrollHeight)
Without any arguments.</msg>
<arg>window.scrollTo(0, document.body.scrollHeight)</arg>
<doc>Executes the given JavaScript code with possible arguments.</doc>
<status status="PASS" start="2026-02-14T16:58:12.601742" elapsed="0.016340"/>
</kw>
<kw name="Sleep" owner="BuiltIn">
<msg time="2026-02-14T16:58:14.619678" level="INFO">Slept 2 seconds.</msg>
<arg>2s</arg>
<doc>Pauses the test executed for the given time.</doc>
<status status="PASS" start="2026-02-14T16:58:12.618200" elapsed="2.001805"/>
</kw>
<status status="PASS" start="2026-02-14T16:58:12.601500" elapsed="2.018774"/>
</kw>
<kw name="Verify numberOfAdult is empty" owner="hotel_booking">
<kw name="Get Value" owner="SeleniumLibrary">
<msg time="2026-02-14T16:58:14.633025" level="INFO">${numberOfAdult} = </msg>
<var>${numberOfAdult}</var>
<arg>//*[@id="collection_comp-lt33fcsl1"]</arg>
<doc>Returns the value attribute of the element identified by ``locator``.</doc>
<status status="PASS" start="2026-02-14T16:58:14.621547" elapsed="0.011571"/>
</kw>
<kw name="Should Be Equal" owner="BuiltIn">
<arg>${numberOfAdult}</arg>
<arg>${EMPTY}</arg>
<doc>Fails if the given objects are unequal.</doc>
<status status="PASS" start="2026-02-14T16:58:14.633419" elapsed="0.000963"/>
</kw>
<status status="PASS" start="2026-02-14T16:58:14.620876" elapsed="0.013609"/>
</kw>
<kw name="Click accept term" owner="hotel_booking">
<kw name="Click Element" owner="commonKeywords">
<kw name="Wait Until Element Is Visible" owner="SeleniumLibrary">
<arg>${locator}</arg>
<arg>timeout=${timeout}</arg>
<doc>Waits until the element ``locator`` is visible.</doc>
<status status="PASS" start="2026-02-14T16:58:14.636503" elapsed="0.011848"/>
</kw>
<kw name="Click Element" owner="SeleniumLibrary">
<msg time="2026-02-14T16:58:14.648882" level="INFO">Clicking element '//*[@id="comp-ltubl84u"]'.</msg>
<arg>${locator}</arg>
<doc>Click the element identified by ``locator``.</doc>
<status status="PASS" start="2026-02-14T16:58:14.648593" elapsed="0.025927"/>
</kw>
<arg>//*[@id="comp-ltubl84u"]</arg>
<doc>${locator} - could be any selenium locator and webelement object
${timeout} - &lt;optional&gt;
Make sure that 15 can be accessed globally</doc>
<status status="PASS" start="2026-02-14T16:58:14.636169" elapsed="0.038472"/>
</kw>
<status status="PASS" start="2026-02-14T16:58:14.634776" elapsed="0.039921"/>
</kw>
<kw name="Click submit form" owner="hotel_booking">
<kw name="Click Element" owner="commonKeywords">
<kw name="Wait Until Element Is Visible" owner="SeleniumLibrary">
<arg>${locator}</arg>
<arg>timeout=${timeout}</arg>
<doc>Waits until the element ``locator`` is visible.</doc>
<status status="PASS" start="2026-02-14T16:58:14.676365" elapsed="0.007651"/>
</kw>
<kw name="Click Element" owner="SeleniumLibrary">
<msg time="2026-02-14T16:58:14.684304" level="INFO">Clicking element '//*[@class="l7_2fn wixui-button__label"]'.</msg>
<arg>${locator}</arg>
<doc>Click the element identified by ``locator``.</doc>
<status status="PASS" start="2026-02-14T16:58:14.684148" elapsed="0.018349"/>
</kw>
<arg>//*[@class="l7_2fn wixui-button__label"]</arg>
<doc>${locator} - could be any selenium locator and webelement object
${timeout} - &lt;optional&gt;
Make sure that 15 can be accessed globally</doc>
<status status="PASS" start="2026-02-14T16:58:14.676102" elapsed="0.026522"/>
</kw>
<status status="PASS" start="2026-02-14T16:58:14.674977" elapsed="0.027700"/>
</kw>
<kw name="Verify missing input message" owner="hotel_booking">
<kw name="Wait Until Element Contains" owner="SeleniumLibrary">
<arg>xpath=//*[contains(text(),'Please complete the booking form.')]</arg>
<arg>${test_data_missing_input_message}</arg>
<doc>Waits until the element ``locator`` contains ``text``.</doc>
<status status="PASS" start="2026-02-14T16:58:14.703160" elapsed="0.005984"/>
</kw>
<status status="PASS" start="2026-02-14T16:58:14.702914" elapsed="0.006294"/>
</kw>
<kw name="Close All Browsers" owner="SeleniumLibrary" type="TEARDOWN">
<doc>Closes all open browsers and resets the browser cache.</doc>
<status status="PASS" start="2026-02-14T16:58:14.709433" elapsed="0.212645"/>
</kw>
<tag>single fault firstname</tag>
<status status="PASS" start="2026-02-14T16:58:08.497272" elapsed="6.425145"/>
</test>
<test id="s1-t3" name="Verify registration form with single fault lastname" line="39">
<kw name="Open browser registration form" owner="hotel_booking">
<kw name="Open Browser" owner="SeleniumLibrary">
<msg time="2026-02-14T16:58:14.923598" level="INFO">Opening browser 'safari' to base url 'https://panaryco.wixsite.com/myhotel'.</msg>
<arg>${WEB_URL}</arg>
<arg>${WEB_BROWSER}</arg>
<doc>Opens a new browser instance to the optional ``url``.</doc>
<status status="PASS" start="2026-02-14T16:58:14.923468" elapsed="1.594760"/>
</kw>
<kw name="Maximize Browser Window" owner="SeleniumLibrary">
<doc>Maximizes current browser window.</doc>
<status status="PASS" start="2026-02-14T16:58:16.518959" elapsed="0.013061"/>
</kw>
<kw name="Sleep" owner="BuiltIn">
<msg time="2026-02-14T16:58:18.534713" level="INFO">Slept 2 seconds.</msg>
<arg>2</arg>
<doc>Pauses the test executed for the given time.</doc>
<status status="PASS" start="2026-02-14T16:58:16.532334" elapsed="2.002456"/>
</kw>
<status status="PASS" start="2026-02-14T16:58:14.923305" elapsed="3.611557"/>
</kw>
<kw name="Wait registration load complete" owner="hotel_booking">
<kw name="Wait Until Element Is Visible" owner="SeleniumLibrary">
<arg>//*[@id="comp-lt33fcq1"]</arg>
<doc>Waits until the element ``locator`` is visible.</doc>
<status status="PASS" start="2026-02-14T16:58:18.535204" elapsed="0.446791"/>
</kw>
<status status="PASS" start="2026-02-14T16:58:18.535044" elapsed="0.447071"/>
</kw>
<kw name="Input and verify firstname" owner="hotel_booking">
<kw name="Input Text" owner="SeleniumLibrary">
<msg time="2026-02-14T16:58:18.982864" level="INFO">Typing text 'firstName' into text field '//*[@id="input_comp-lt33fcq41"]'.</msg>
<arg>//*[@id="input_comp-lt33fcq41"]</arg>
<arg>${hotel_booking_firstname}</arg>
<doc>Types the given ``text`` into the text field identified by ``locator``.</doc>
<status status="PASS" start="2026-02-14T16:58:18.982627" elapsed="0.137587"/>
</kw>
<kw name="Get Value" owner="SeleniumLibrary">
<msg time="2026-02-14T16:58:19.127339" level="INFO">${firstname} = firstName</msg>
<var>${firstname}</var>
<arg>//*[@id="input_comp-lt33fcq41"]</arg>
<doc>Returns the value attribute of the element identified by ``locator``.</doc>
<status status="PASS" start="2026-02-14T16:58:19.120396" elapsed="0.006975"/>
</kw>
<kw name="Should Be Equal" owner="BuiltIn">
<arg>${firstname}</arg>
<arg>${hotel_booking_firstname}</arg>
<doc>Fails if the given objects are unequal.</doc>
<status status="PASS" start="2026-02-14T16:58:19.127492" elapsed="0.000281"/>
</kw>
<status status="PASS" start="2026-02-14T16:58:18.982353" elapsed="0.145475"/>
</kw>
<kw name="Verify lastname is empty" owner="hotel_booking">
<kw name="Get Value" owner="SeleniumLibrary">
<msg time="2026-02-14T16:58:19.133360" level="INFO">${lastName} = </msg>
<var>${lastName}</var>
<arg>//*[@id="input_comp-lt33fcs1"]</arg>
<doc>Returns the value attribute of the element identified by ``locator``.</doc>
<status status="PASS" start="2026-02-14T16:58:19.128114" elapsed="0.005274"/>
</kw>
<kw name="Should Be Equal" owner="BuiltIn">
<arg>${lastName}</arg>
<arg>${EMPTY}</arg>
<doc>Fails if the given objects are unequal.</doc>
<status status="PASS" start="2026-02-14T16:58:19.133472" elapsed="0.000554"/>
</kw>
<status status="PASS" start="2026-02-14T16:58:19.127973" elapsed="0.006131"/>
</kw>
<kw name="Input and verify phone" owner="hotel_booking">
<kw name="Input Text" owner="SeleniumLibrary">
<msg time="2026-02-14T16:58:19.135107" level="INFO">Typing text '000000000' into text field '//*[@id="input_comp-lt33fcsi1"]'.</msg>
<arg>//*[@id="input_comp-lt33fcsi1"]</arg>
<arg>${hotel_booking_mobile_phone}</arg>
<doc>Types the given ``text`` into the text field identified by ``locator``.</doc>
<status status="PASS" start="2026-02-14T16:58:19.134740" elapsed="0.077325"/>
</kw>
<kw name="Get Value" owner="SeleniumLibrary">
<msg time="2026-02-14T16:58:19.219716" level="INFO">${phone} = 000000000</msg>
<var>${phone}</var>
<arg>//*[@id="input_comp-lt33fcsi1"]</arg>
<doc>Returns the value attribute of the element identified by ``locator``.</doc>
<status status="PASS" start="2026-02-14T16:58:19.212301" elapsed="0.007473"/>
</kw>
<kw name="Should Be Equal" owner="BuiltIn">
<arg>${phone}</arg>
<arg>${hotel_booking_mobile_phone}</arg>
<doc>Fails if the given objects are unequal.</doc>
<status status="PASS" start="2026-02-14T16:58:19.219974" elapsed="0.000404"/>
</kw>
<status status="PASS" start="2026-02-14T16:58:19.134374" elapsed="0.086083"/>
</kw>
<kw name="Input and verify email" owner="hotel_booking">
<kw name="Input Text" owner="SeleniumLibrary">
<msg time="2026-02-14T16:58:19.221075" level="INFO">Typing text 'studentName@chula.ac.th' into text field '//*[@id="input_comp-lt33fcsf1"]'.</msg>
<arg>//*[@id="input_comp-lt33fcsf1"]</arg>
<arg>${hotel_booking_email}</arg>
<doc>Types the given ``text`` into the text field identified by ``locator``.</doc>
<status status="PASS" start="2026-02-14T16:58:19.220890" elapsed="0.198908"/>
</kw>
<kw name="Get Value" owner="SeleniumLibrary">
<msg time="2026-02-14T16:58:19.443602" level="INFO">${emailAddress} = studentName@chula.ac.th</msg>
<var>${emailAddress}</var>
<arg>//*[@id="input_comp-lt33fcsf1"]</arg>
<doc>Returns the value attribute of the element identified by ``locator``.</doc>
<status status="PASS" start="2026-02-14T16:58:19.420037" elapsed="0.023628"/>
</kw>
<kw name="Should Be Equal" owner="BuiltIn">
<arg>${emailAddress}</arg>
<arg>${hotel_booking_email}</arg>
<doc>Fails if the given objects are unequal.</doc>
<status status="PASS" start="2026-02-14T16:58:19.443895" elapsed="0.000524"/>
</kw>
<status status="PASS" start="2026-02-14T16:58:19.220672" elapsed="0.223928"/>
</kw>
<kw name="Scroll to bottom and wait" owner="hotel_booking">
<kw name="Execute Javascript" owner="SeleniumLibrary">
<msg time="2026-02-14T16:58:19.445903" level="INFO">Executing JavaScript:
window.scrollTo(0, document.body.scrollHeight)
Without any arguments.</msg>
<arg>window.scrollTo(0, document.body.scrollHeight)</arg>
<doc>Executes the given JavaScript code with possible arguments.</doc>
<status status="PASS" start="2026-02-14T16:58:19.445374" elapsed="0.005175"/>
</kw>
<kw name="Sleep" owner="BuiltIn">
<msg time="2026-02-14T16:58:21.453770" level="INFO">Slept 2 seconds.</msg>
<arg>2s</arg>
<doc>Pauses the test executed for the given time.</doc>
<status status="PASS" start="2026-02-14T16:58:19.450759" elapsed="2.003369"/>
</kw>
<status status="PASS" start="2026-02-14T16:58:19.445008" elapsed="2.009396"/>
</kw>
<kw name="Verify numberOfAdult is empty" owner="hotel_booking">
<kw name="Get Value" owner="SeleniumLibrary">
<msg time="2026-02-14T16:58:21.499925" level="INFO">${numberOfAdult} = </msg>
<var>${numberOfAdult}</var>
<arg>//*[@id="collection_comp-lt33fcsl1"]</arg>
<doc>Returns the value attribute of the element identified by ``locator``.</doc>
<status status="PASS" start="2026-02-14T16:58:21.455689" elapsed="0.044316"/>
</kw>
<kw name="Should Be Equal" owner="BuiltIn">
<arg>${numberOfAdult}</arg>
<arg>${EMPTY}</arg>
<doc>Fails if the given objects are unequal.</doc>
<status status="PASS" start="2026-02-14T16:58:21.500277" elapsed="0.000940"/>
</kw>
<status status="PASS" start="2026-02-14T16:58:21.455019" elapsed="0.046328"/>
</kw>
<kw name="Click accept term" owner="hotel_booking">
<kw name="Click Element" owner="commonKeywords">
<kw name="Wait Until Element Is Visible" owner="SeleniumLibrary">
<arg>${locator}</arg>
<arg>timeout=${timeout}</arg>
<doc>Waits until the element ``locator`` is visible.</doc>
<status status="PASS" start="2026-02-14T16:58:21.503258" elapsed="0.010565"/>
</kw>
<kw name="Click Element" owner="SeleniumLibrary">
<msg time="2026-02-14T16:58:21.514572" level="INFO">Clicking element '//*[@id="comp-ltubl84u"]'.</msg>
<arg>${locator}</arg>
<doc>Click the element identified by ``locator``.</doc>
<status status="PASS" start="2026-02-14T16:58:21.514180" elapsed="0.120227"/>
</kw>
<arg>//*[@id="comp-ltubl84u"]</arg>
<doc>${locator} - could be any selenium locator and webelement object
${timeout} - &lt;optional&gt;
Make sure that 15 can be accessed globally</doc>
<status status="PASS" start="2026-02-14T16:58:21.502963" elapsed="0.131712"/>
</kw>
<status status="PASS" start="2026-02-14T16:58:21.501621" elapsed="0.133192"/>
</kw>
<kw name="Click submit form" owner="hotel_booking">
<kw name="Click Element" owner="commonKeywords">
<kw name="Wait Until Element Is Visible" owner="SeleniumLibrary">
<arg>${locator}</arg>
<arg>timeout=${timeout}</arg>
<doc>Waits until the element ``locator`` is visible.</doc>
<status status="PASS" start="2026-02-14T16:58:21.637832" elapsed="0.011757"/>
</kw>
<kw name="Click Element" owner="SeleniumLibrary">
<msg time="2026-02-14T16:58:21.650013" level="INFO">Clicking element '//*[@class="l7_2fn wixui-button__label"]'.</msg>
<arg>${locator}</arg>
<doc>Click the element identified by ``locator``.</doc>
<status status="PASS" start="2026-02-14T16:58:21.649784" elapsed="0.015569"/>
</kw>
<arg>//*[@class="l7_2fn wixui-button__label"]</arg>
<doc>${locator} - could be any selenium locator and webelement object
${timeout} - &lt;optional&gt;
Make sure that 15 can be accessed globally</doc>
<status status="PASS" start="2026-02-14T16:58:21.637420" elapsed="0.028030"/>
</kw>
<status status="PASS" start="2026-02-14T16:58:21.635407" elapsed="0.030089"/>
</kw>
<kw name="Verify missing input message" owner="hotel_booking">
<kw name="Wait Until Element Contains" owner="SeleniumLibrary">
<arg>xpath=//*[contains(text(),'Please complete the booking form.')]</arg>
<arg>${test_data_missing_input_message}</arg>
<doc>Waits until the element ``locator`` contains ``text``.</doc>
<status status="PASS" start="2026-02-14T16:58:21.665939" elapsed="0.005461"/>
</kw>
<status status="PASS" start="2026-02-14T16:58:21.665685" elapsed="0.005824"/>
</kw>
<kw name="Close All Browsers" owner="SeleniumLibrary" type="TEARDOWN">
<doc>Closes all open browsers and resets the browser cache.</doc>
<status status="PASS" start="2026-02-14T16:58:21.671790" elapsed="0.212589"/>
</kw>
<tag>single fault lastname</tag>
<status status="PASS" start="2026-02-14T16:58:14.923034" elapsed="6.961589"/>
</test>
<test id="s1-t4" name="Verify registration form with single fault phone" line="53">
<kw name="Open browser registration form" owner="hotel_booking">
<kw name="Open Browser" owner="SeleniumLibrary">
<msg time="2026-02-14T16:58:21.885938" level="INFO">Opening browser 'safari' to base url 'https://panaryco.wixsite.com/myhotel'.</msg>
<arg>${WEB_URL}</arg>
<arg>${WEB_BROWSER}</arg>
<doc>Opens a new browser instance to the optional ``url``.</doc>
<status status="PASS" start="2026-02-14T16:58:21.885767" elapsed="1.573271"/>
</kw>
<kw name="Maximize Browser Window" owner="SeleniumLibrary">
<doc>Maximizes current browser window.</doc>
<status status="PASS" start="2026-02-14T16:58:23.459855" elapsed="0.014242"/>
</kw>
<kw name="Sleep" owner="BuiltIn">
<msg time="2026-02-14T16:58:25.477077" level="INFO">Slept 2 seconds.</msg>
<arg>2</arg>
<doc>Pauses the test executed for the given time.</doc>
<status status="PASS" start="2026-02-14T16:58:23.474582" elapsed="2.002792"/>
</kw>
<status status="PASS" start="2026-02-14T16:58:21.885561" elapsed="3.592174"/>
</kw>
<kw name="Wait registration load complete" owner="hotel_booking">
<kw name="Wait Until Element Is Visible" owner="SeleniumLibrary">
<arg>//*[@id="comp-lt33fcq1"]</arg>
<doc>Waits until the element ``locator`` is visible.</doc>
<status status="PASS" start="2026-02-14T16:58:25.479616" elapsed="0.020615"/>
</kw>
<status status="PASS" start="2026-02-14T16:58:25.478746" elapsed="0.021723"/>
</kw>
<kw name="Input and verify firstname" owner="hotel_booking">
<kw name="Input Text" owner="SeleniumLibrary">
<msg time="2026-02-14T16:58:25.501856" level="INFO">Typing text 'firstName' into text field '//*[@id="input_comp-lt33fcq41"]'.</msg>
<arg>//*[@id="input_comp-lt33fcq41"]</arg>
<arg>${hotel_booking_firstname}</arg>
<doc>Types the given ``text`` into the text field identified by ``locator``.</doc>
<status status="PASS" start="2026-02-14T16:58:25.501491" elapsed="0.056692"/>
</kw>
<kw name="Get Value" owner="SeleniumLibrary">
<msg time="2026-02-14T16:58:25.565285" level="INFO">${firstname} = firstName</msg>
<var>${firstname}</var>
<arg>//*[@id="input_comp-lt33fcq41"]</arg>
<doc>Returns the value attribute of the element identified by ``locator``.</doc>
<status status="PASS" start="2026-02-14T16:58:25.558334" elapsed="0.007051"/>
</kw>
<kw name="Should Be Equal" owner="BuiltIn">
<arg>${firstname}</arg>
<arg>${hotel_booking_firstname}</arg>
<doc>Fails if the given objects are unequal.</doc>
<status status="PASS" start="2026-02-14T16:58:25.565581" elapsed="0.000385"/>
</kw>
<status status="PASS" start="2026-02-14T16:58:25.501059" elapsed="0.064985"/>
</kw>
<kw name="Input and verify lastname" owner="hotel_booking">
<kw name="Input Text" owner="SeleniumLibrary">
<msg time="2026-02-14T16:58:25.566861" level="INFO">Typing text 'lastName' into text field '//*[@id="input_comp-lt33fcs1"]'.</msg>
<arg>//*[@id="input_comp-lt33fcs1"]</arg>
<arg>${hotel_booking_lastname}</arg>
<doc>Types the given ``text`` into the text field identified by ``locator``.</doc>
<status status="PASS" start="2026-02-14T16:58:25.566688" elapsed="0.021093"/>
</kw>
<kw name="Get Value" owner="SeleniumLibrary">
<msg time="2026-02-14T16:58:25.592453" level="INFO">${lastName} = lastName</msg>
<var>${lastName}</var>
<arg>//*[@id="input_comp-lt33fcs1"]</arg>
<doc>Returns the value attribute of the element identified by ``locator``.</doc>
<status status="PASS" start="2026-02-14T16:58:25.588053" elapsed="0.004432"/>
</kw>
<kw name="Should Be Equal" owner="BuiltIn">
<arg>${lastName}</arg>
<arg>${hotel_booking_lastname}</arg>
<doc>Fails if the given objects are unequal.</doc>
<status status="PASS" start="2026-02-14T16:58:25.592630" elapsed="0.000288"/>
</kw>
<status status="PASS" start="2026-02-14T16:58:25.566485" elapsed="0.026541"/>
</kw>
<kw name="Verify phone is empty" owner="hotel_booking">
<kw name="Get Value" owner="SeleniumLibrary">
<msg time="2026-02-14T16:58:25.597201" level="INFO">${phone} = </msg>
<var>${phone}</var>
<arg>//*[@id="input_comp-lt33fcsi1"]</arg>
<doc>Returns the value attribute of the element identified by ``locator``.</doc>
<status status="PASS" start="2026-02-14T16:58:25.593353" elapsed="0.003874"/>
</kw>
<kw name="Should Be Equal" owner="BuiltIn">
<arg>${phone}</arg>
<arg>${EMPTY}</arg>
<doc>Fails if the given objects are unequal.</doc>
<status status="PASS" start="2026-02-14T16:58:25.597376" elapsed="0.000482"/>
</kw>
<status status="PASS" start="2026-02-14T16:58:25.593227" elapsed="0.004675"/>
</kw>
<kw name="Input and verify email" owner="hotel_booking">
<kw name="Input Text" owner="SeleniumLibrary">
<msg time="2026-02-14T16:58:25.598614" level="INFO">Typing text 'studentName@chula.ac.th' into text field '//*[@id="input_comp-lt33fcsf1"]'.</msg>
<arg>//*[@id="input_comp-lt33fcsf1"]</arg>
<arg>${hotel_booking_email}</arg>
<doc>Types the given ``text`` into the text field identified by ``locator``.</doc>
<status status="PASS" start="2026-02-14T16:58:25.598196" elapsed="0.044579"/>
</kw>
<kw name="Get Value" owner="SeleniumLibrary">
<msg time="2026-02-14T16:58:25.647207" level="INFO">${emailAddress} = studentName@chula.ac.th</msg>
<var>${emailAddress}</var>
<arg>//*[@id="input_comp-lt33fcsf1"]</arg>
<doc>Returns the value attribute of the element identified by ``locator``.</doc>
<status status="PASS" start="2026-02-14T16:58:25.642955" elapsed="0.004277"/>
</kw>
<kw name="Should Be Equal" owner="BuiltIn">
<arg>${emailAddress}</arg>
<arg>${hotel_booking_email}</arg>
<doc>Fails if the given objects are unequal.</doc>
<status status="PASS" start="2026-02-14T16:58:25.647396" elapsed="0.000355"/>
</kw>
<status status="PASS" start="2026-02-14T16:58:25.598025" elapsed="0.049782"/>
</kw>
<kw name="Scroll to bottom and wait" owner="hotel_booking">
<kw name="Execute Javascript" owner="SeleniumLibrary">
<msg time="2026-02-14T16:58:25.648408" level="INFO">Executing JavaScript:
window.scrollTo(0, document.body.scrollHeight)
Without any arguments.</msg>
<arg>window.scrollTo(0, document.body.scrollHeight)</arg>
<doc>Executes the given JavaScript code with possible arguments.</doc>
<status status="PASS" start="2026-02-14T16:58:25.648161" elapsed="0.002229"/>
</kw>
<kw name="Sleep" owner="BuiltIn">
<msg time="2026-02-14T16:58:27.651105" level="INFO">Slept 2 seconds.</msg>
<arg>2s</arg>
<doc>Pauses the test executed for the given time.</doc>
<status status="PASS" start="2026-02-14T16:58:25.650480" elapsed="2.000942"/>
</kw>
<status status="PASS" start="2026-02-14T16:58:25.647952" elapsed="2.003742"/>
</kw>
<kw name="Verify numberOfAdult is empty" owner="hotel_booking">
<kw name="Get Value" owner="SeleniumLibrary">
<msg time="2026-02-14T16:58:27.664946" level="INFO">${numberOfAdult} = </msg>
<var>${numberOfAdult}</var>
<arg>//*[@id="collection_comp-lt33fcsl1"]</arg>
<doc>Returns the value attribute of the element identified by ``locator``.</doc>
<status status="PASS" start="2026-02-14T16:58:27.652947" elapsed="0.012079"/>
</kw>
<kw name="Should Be Equal" owner="BuiltIn">
<arg>${numberOfAdult}</arg>
<arg>${EMPTY}</arg>
<doc>Fails if the given objects are unequal.</doc>
<status status="PASS" start="2026-02-14T16:58:27.665323" elapsed="0.000976"/>
</kw>
<status status="PASS" start="2026-02-14T16:58:27.652303" elapsed="0.014100"/>
</kw>
<kw name="Click accept term" owner="hotel_booking">
<kw name="Click Element" owner="commonKeywords">
<kw name="Wait Until Element Is Visible" owner="SeleniumLibrary">
<arg>${locator}</arg>
<arg>timeout=${timeout}</arg>
<doc>Waits until the element ``locator`` is visible.</doc>
<status status="PASS" start="2026-02-14T16:58:27.668354" elapsed="0.013697"/>
</kw>
<kw name="Click Element" owner="SeleniumLibrary">
<msg time="2026-02-14T16:58:27.682622" level="INFO">Clicking element '//*[@id="comp-ltubl84u"]'.</msg>
<arg>${locator}</arg>
<doc>Click the element identified by ``locator``.</doc>
<status status="PASS" start="2026-02-14T16:58:27.682322" elapsed="0.021223"/>
</kw>
<arg>//*[@id="comp-ltubl84u"]</arg>
<doc>${locator} - could be any selenium locator and webelement object
${timeout} - &lt;optional&gt;
Make sure that 15 can be accessed globally</doc>
<status status="PASS" start="2026-02-14T16:58:27.668030" elapsed="0.035642"/>
</kw>
<status status="PASS" start="2026-02-14T16:58:27.666714" elapsed="0.037022"/>
</kw>
<kw name="Click submit form" owner="hotel_booking">
<kw name="Click Element" owner="commonKeywords">
<kw name="Wait Until Element Is Visible" owner="SeleniumLibrary">
<arg>${locator}</arg>
<arg>timeout=${timeout}</arg>
<doc>Waits until the element ``locator`` is visible.</doc>
<status status="PASS" start="2026-02-14T16:58:27.705514" elapsed="0.009204"/>
</kw>
<kw name="Click Element" owner="SeleniumLibrary">
<msg time="2026-02-14T16:58:27.715019" level="INFO">Clicking element '//*[@class="l7_2fn wixui-button__label"]'.</msg>
<arg>${locator}</arg>
<doc>Click the element identified by ``locator``.</doc>
<status status="PASS" start="2026-02-14T16:58:27.714850" elapsed="0.011522"/>
</kw>
<arg>//*[@class="l7_2fn wixui-button__label"]</arg>
<doc>${locator} - could be any selenium locator and webelement object
${timeout} - &lt;optional&gt;
Make sure that 15 can be accessed globally</doc>
<status status="PASS" start="2026-02-14T16:58:27.705261" elapsed="0.021173"/>
</kw>
<status status="PASS" start="2026-02-14T16:58:27.704043" elapsed="0.022431"/>
</kw>
<kw name="Verify missing input message" owner="hotel_booking">
<kw name="Wait Until Element Contains" owner="SeleniumLibrary">
<arg>xpath=//*[contains(text(),'Please complete the booking form.')]</arg>
<arg>${test_data_missing_input_message}</arg>
<doc>Waits until the element ``locator`` contains ``text``.</doc>
<status status="PASS" start="2026-02-14T16:58:27.726789" elapsed="0.004677"/>
</kw>
<status status="PASS" start="2026-02-14T16:58:27.726622" elapsed="0.004913"/>
</kw>
<kw name="Close All Browsers" owner="SeleniumLibrary" type="TEARDOWN">
<doc>Closes all open browsers and resets the browser cache.</doc>
<status status="PASS" start="2026-02-14T16:58:27.731772" elapsed="0.222373"/>
</kw>
<tag>single fault phone</tag>
<status status="PASS" start="2026-02-14T16:58:21.885164" elapsed="6.069205"/>
</test>
<test id="s1-t5" name="Verify registration form with single fault email" line="67">
<kw name="Open browser registration form" owner="hotel_booking">
<kw name="Open Browser" owner="SeleniumLibrary">
<msg time="2026-02-14T16:58:27.955870" level="INFO">Opening browser 'safari' to base url 'https://panaryco.wixsite.com/myhotel'.</msg>
<arg>${WEB_URL}</arg>
<arg>${WEB_BROWSER}</arg>
<doc>Opens a new browser instance to the optional ``url``.</doc>
<status status="PASS" start="2026-02-14T16:58:27.955612" elapsed="1.639484"/>
</kw>
<kw name="Maximize Browser Window" owner="SeleniumLibrary">
<doc>Maximizes current browser window.</doc>
<status status="PASS" start="2026-02-14T16:58:29.595578" elapsed="0.011990"/>
</kw>
<kw name="Sleep" owner="BuiltIn">
<msg time="2026-02-14T16:58:31.609900" level="INFO">Slept 2 seconds.</msg>
<arg>2</arg>
<doc>Pauses the test executed for the given time.</doc>
<status status="PASS" start="2026-02-14T16:58:29.607878" elapsed="2.002341"/>
</kw>
<status status="PASS" start="2026-02-14T16:58:27.955290" elapsed="3.655274"/>
</kw>
<kw name="Wait registration load complete" owner="hotel_booking">
<kw name="Wait Until Element Is Visible" owner="SeleniumLibrary">
<arg>//*[@id="comp-lt33fcq1"]</arg>
<doc>Waits until the element ``locator`` is visible.</doc>
<status status="PASS" start="2026-02-14T16:58:31.612277" elapsed="0.021223"/>
</kw>
<status status="PASS" start="2026-02-14T16:58:31.611388" elapsed="0.022327"/>
</kw>
<kw name="Input and verify firstname" owner="hotel_booking">
<kw name="Input Text" owner="SeleniumLibrary">
<msg time="2026-02-14T16:58:31.634951" level="INFO">Typing text 'firstName' into text field '//*[@id="input_comp-lt33fcq41"]'.</msg>
<arg>//*[@id="input_comp-lt33fcq41"]</arg>
<arg>${hotel_booking_firstname}</arg>
<doc>Types the given ``text`` into the text field identified by ``locator``.</doc>
<status status="PASS" start="2026-02-14T16:58:31.634596" elapsed="0.055427"/>
</kw>
<kw name="Get Value" owner="SeleniumLibrary">
<msg time="2026-02-14T16:58:31.697221" level="INFO">${firstname} = firstName</msg>
<var>${firstname}</var>
<arg>//*[@id="input_comp-lt33fcq41"]</arg>
<doc>Returns the value attribute of the element identified by ``locator``.</doc>
<status status="PASS" start="2026-02-14T16:58:31.690255" elapsed="0.007008"/>
</kw>
<kw name="Should Be Equal" owner="BuiltIn">
<arg>${firstname}</arg>
<arg>${hotel_booking_firstname}</arg>
<doc>Fails if the given objects are unequal.</doc>
<status status="PASS" start="2026-02-14T16:58:31.697440" elapsed="0.000433"/>
</kw>
<status status="PASS" start="2026-02-14T16:58:31.634151" elapsed="0.063766"/>
</kw>
<kw name="Input and verify lastname" owner="hotel_booking">
<kw name="Input Text" owner="SeleniumLibrary">
<msg time="2026-02-14T16:58:31.698457" level="INFO">Typing text 'lastName' into text field '//*[@id="input_comp-lt33fcs1"]'.</msg>
<arg>//*[@id="input_comp-lt33fcs1"]</arg>
<arg>${hotel_booking_lastname}</arg>
<doc>Types the given ``text`` into the text field identified by ``locator``.</doc>
<status status="PASS" start="2026-02-14T16:58:31.698290" elapsed="0.023713"/>
</kw>
<kw name="Get Value" owner="SeleniumLibrary">
<msg time="2026-02-14T16:58:31.726350" level="INFO">${lastName} = lastName</msg>
<var>${lastName}</var>
<arg>//*[@id="input_comp-lt33fcs1"]</arg>
<doc>Returns the value attribute of the element identified by ``locator``.</doc>
<status status="PASS" start="2026-02-14T16:58:31.722166" elapsed="0.004235"/>
</kw>
<kw name="Should Be Equal" owner="BuiltIn">
<arg>${lastName}</arg>
<arg>${hotel_booking_lastname}</arg>
<doc>Fails if the given objects are unequal.</doc>
<status status="PASS" start="2026-02-14T16:58:31.726499" elapsed="0.000410"/>
</kw>
<status status="PASS" start="2026-02-14T16:58:31.698128" elapsed="0.028823"/>
</kw>
<kw name="Input and verify phone" owner="hotel_booking">
<kw name="Input Text" owner="SeleniumLibrary">
<msg time="2026-02-14T16:58:31.727563" level="INFO">Typing text '000000000' into text field '//*[@id="input_comp-lt33fcsi1"]'.</msg>
<arg>//*[@id="input_comp-lt33fcsi1"]</arg>
<arg>${hotel_booking_mobile_phone}</arg>
<doc>Types the given ``text`` into the text field identified by ``locator``.</doc>
<status status="PASS" start="2026-02-14T16:58:31.727415" elapsed="0.030473"/>
</kw>
<kw name="Get Value" owner="SeleniumLibrary">
<msg time="2026-02-14T16:58:31.762750" level="INFO">${phone} = 000000000</msg>
<var>${phone}</var>
<arg>//*[@id="input_comp-lt33fcsi1"]</arg>
<doc>Returns the value attribute of the element identified by ``locator``.</doc>
<status status="PASS" start="2026-02-14T16:58:31.758035" elapsed="0.004802"/>
</kw>
<kw name="Should Be Equal" owner="BuiltIn">
<arg>${phone}</arg>
<arg>${hotel_booking_mobile_phone}</arg>
<doc>Fails if the given objects are unequal.</doc>
<status status="PASS" start="2026-02-14T16:58:31.763062" elapsed="0.000344"/>
</kw>
<status status="PASS" start="2026-02-14T16:58:31.727072" elapsed="0.036370"/>
</kw>
<kw name="Verify email is empty" owner="hotel_booking">
<kw name="Get Value" owner="SeleniumLibrary">
<msg time="2026-02-14T16:58:31.768829" level="INFO">${emailAddress} = </msg>
<var>${emailAddress}</var>
<arg>//*[@id="input_comp-lt33fcsf1"]</arg>
<doc>Returns the value attribute of the element identified by ``locator``.</doc>
<status status="PASS" start="2026-02-14T16:58:31.763808" elapsed="0.005045"/>
</kw>
<kw name="Should Be Equal" owner="BuiltIn">
<arg>${emailAddress}</arg>
<arg>${EMPTY}</arg>
<doc>Fails if the given objects are unequal.</doc>
<status status="PASS" start="2026-02-14T16:58:31.768939" elapsed="0.000559"/>
</kw>
<status status="PASS" start="2026-02-14T16:58:31.763620" elapsed="0.005919"/>
</kw>
<kw name="Scroll to bottom and wait" owner="hotel_booking">
<kw name="Execute Javascript" owner="SeleniumLibrary">
<msg time="2026-02-14T16:58:31.770649" level="INFO">Executing JavaScript:
window.scrollTo(0, document.body.scrollHeight)
Without any arguments.</msg>
<arg>window.scrollTo(0, document.body.scrollHeight)</arg>
<doc>Executes the given JavaScript code with possible arguments.</doc>
<status status="PASS" start="2026-02-14T16:58:31.770149" elapsed="0.002974"/>
</kw>
<kw name="Sleep" owner="BuiltIn">
<msg time="2026-02-14T16:58:33.774837" level="INFO">Slept 2 seconds.</msg>
<arg>2s</arg>
<doc>Pauses the test executed for the given time.</doc>
<status status="PASS" start="2026-02-14T16:58:31.773192" elapsed="2.001991"/>
</kw>
<status status="PASS" start="2026-02-14T16:58:31.769791" elapsed="2.005636"/>
</kw>
<kw name="Verify numberOfAdult is empty" owner="hotel_booking">
<kw name="Get Value" owner="SeleniumLibrary">
<msg time="2026-02-14T16:58:33.788011" level="INFO">${numberOfAdult} = </msg>
<var>${numberOfAdult}</var>
<arg>//*[@id="collection_comp-lt33fcsl1"]</arg>
<doc>Returns the value attribute of the element identified by ``locator``.</doc>
<status status="PASS" start="2026-02-14T16:58:33.776667" elapsed="0.011434"/>
</kw>
<kw name="Should Be Equal" owner="BuiltIn">
<arg>${numberOfAdult}</arg>
<arg>${EMPTY}</arg>
<doc>Fails if the given objects are unequal.</doc>
<status status="PASS" start="2026-02-14T16:58:33.788401" elapsed="0.001051"/>
</kw>
<status status="PASS" start="2026-02-14T16:58:33.776046" elapsed="0.013511"/>
</kw>
<kw name="Click accept term" owner="hotel_booking">
<kw name="Click Element" owner="commonKeywords">
<kw name="Wait Until Element Is Visible" owner="SeleniumLibrary">
<arg>${locator}</arg>
<arg>timeout=${timeout}</arg>
<doc>Waits until the element ``locator`` is visible.</doc>
<status status="PASS" start="2026-02-14T16:58:33.791530" elapsed="0.011820"/>
</kw>
<kw name="Click Element" owner="SeleniumLibrary">
<msg time="2026-02-14T16:58:33.804123" level="INFO">Clicking element '//*[@id="comp-ltubl84u"]'.</msg>
<arg>${locator}</arg>
<doc>Click the element identified by ``locator``.</doc>
<status status="PASS" start="2026-02-14T16:58:33.803717" elapsed="0.022573"/>
</kw>
<arg>//*[@id="comp-ltubl84u"]</arg>
<doc>${locator} - could be any selenium locator and webelement object
${timeout} - &lt;optional&gt;
Make sure that 15 can be accessed globally</doc>
<status status="PASS" start="2026-02-14T16:58:33.791242" elapsed="0.035150"/>
</kw>
<status status="PASS" start="2026-02-14T16:58:33.789847" elapsed="0.036598"/>
</kw>
<kw name="Click submit form" owner="hotel_booking">
<kw name="Click Element" owner="commonKeywords">
<kw name="Wait Until Element Is Visible" owner="SeleniumLibrary">
<arg>${locator}</arg>
<arg>timeout=${timeout}</arg>
<doc>Waits until the element ``locator`` is visible.</doc>
<status status="PASS" start="2026-02-14T16:58:33.827832" elapsed="0.006992"/>
</kw>
<kw name="Click Element" owner="SeleniumLibrary">
<msg time="2026-02-14T16:58:33.835168" level="INFO">Clicking element '//*[@class="l7_2fn wixui-button__label"]'.</msg>
<arg>${locator}</arg>
<doc>Click the element identified by ``locator``.</doc>
<status status="PASS" start="2026-02-14T16:58:33.834978" elapsed="0.015099"/>
</kw>
<arg>//*[@class="l7_2fn wixui-button__label"]</arg>
<doc>${locator} - could be any selenium locator and webelement object
${timeout} - &lt;optional&gt;
Make sure that 15 can be accessed globally</doc>
<status status="PASS" start="2026-02-14T16:58:33.827619" elapsed="0.022583"/>
</kw>
<status status="PASS" start="2026-02-14T16:58:33.826663" elapsed="0.023583"/>
</kw>
<kw name="Verify missing input message" owner="hotel_booking">
<kw name="Wait Until Element Contains" owner="SeleniumLibrary">
<arg>xpath=//*[contains(text(),'Please complete the booking form.')]</arg>
<arg>${test_data_missing_input_message}</arg>
<doc>Waits until the element ``locator`` contains ``text``.</doc>
<status status="PASS" start="2026-02-14T16:58:33.850757" elapsed="0.006589"/>
</kw>
<status status="PASS" start="2026-02-14T16:58:33.850500" elapsed="0.006925"/>
</kw>
<kw name="Close All Browsers" owner="SeleniumLibrary" type="TEARDOWN">
<doc>Closes all open browsers and resets the browser cache.</doc>
<status status="PASS" start="2026-02-14T16:58:33.857644" elapsed="0.220827"/>
</kw>
<tag>single fault email</tag>
<status status="PASS" start="2026-02-14T16:58:27.954765" elapsed="6.123884"/>
</test>
<test id="s1-t6" name="Verify registration form with single fault numberOfAdult" line="81">
<kw name="Open browser registration form" owner="hotel_booking">
<kw name="Open Browser" owner="SeleniumLibrary">
<msg time="2026-02-14T16:58:34.080004" level="INFO">Opening browser 'safari' to base url 'https://panaryco.wixsite.com/myhotel'.</msg>
<arg>${WEB_URL}</arg>
<arg>${WEB_BROWSER}</arg>
<doc>Opens a new browser instance to the optional ``url``.</doc>
<status status="PASS" start="2026-02-14T16:58:34.079710" elapsed="1.671972"/>
</kw>
<kw name="Maximize Browser Window" owner="SeleniumLibrary">
<doc>Maximizes current browser window.</doc>
<status status="PASS" start="2026-02-14T16:58:35.752292" elapsed="0.013705"/>
</kw>
<kw name="Sleep" owner="BuiltIn">
<msg time="2026-02-14T16:58:37.767591" level="INFO">Slept 2 seconds.</msg>
<arg>2</arg>
<doc>Pauses the test executed for the given time.</doc>
<status status="PASS" start="2026-02-14T16:58:35.766330" elapsed="2.001561"/>
</kw>
<status status="PASS" start="2026-02-14T16:58:34.079425" elapsed="3.688742"/>
</kw>
<kw name="Wait registration load complete" owner="hotel_booking">
<kw name="Wait Until Element Is Visible" owner="SeleniumLibrary">
<arg>//*[@id="comp-lt33fcq1"]</arg>
<doc>Waits until the element ``locator`` is visible.</doc>
<status status="PASS" start="2026-02-14T16:58:37.769538" elapsed="0.174999"/>
</kw>
<status status="PASS" start="2026-02-14T16:58:37.768897" elapsed="0.175861"/>
</kw>
<kw name="Input and verify firstname" owner="hotel_booking">
<kw name="Input Text" owner="SeleniumLibrary">
<msg time="2026-02-14T16:58:37.946029" level="INFO">Typing text 'firstName' into text field '//*[@id="input_comp-lt33fcq41"]'.</msg>
<arg>//*[@id="input_comp-lt33fcq41"]</arg>
<arg>${hotel_booking_firstname}</arg>
<doc>Types the given ``text`` into the text field identified by ``locator``.</doc>
<status status="PASS" start="2026-02-14T16:58:37.945647" elapsed="0.105945"/>
</kw>
<kw name="Get Value" owner="SeleniumLibrary">
<msg time="2026-02-14T16:58:38.060258" level="INFO">${firstname} = firstName</msg>
<var>${firstname}</var>
<arg>//*[@id="input_comp-lt33fcq41"]</arg>
<doc>Returns the value attribute of the element identified by ``locator``.</doc>
<status status="PASS" start="2026-02-14T16:58:38.051764" elapsed="0.008523"/>
</kw>
<kw name="Should Be Equal" owner="BuiltIn">
<arg>${firstname}</arg>
<arg>${hotel_booking_firstname}</arg>
<doc>Fails if the given objects are unequal.</doc>
<status status="PASS" start="2026-02-14T16:58:38.060391" elapsed="0.000324"/>
</kw>
<status status="PASS" start="2026-02-14T16:58:37.945180" elapsed="0.115601"/>
</kw>
<kw name="Input and verify lastname" owner="hotel_booking">
<kw name="Input Text" owner="SeleniumLibrary">
<msg time="2026-02-14T16:58:38.061346" level="INFO">Typing text 'lastName' into text field '//*[@id="input_comp-lt33fcs1"]'.</msg>
<arg>//*[@id="input_comp-lt33fcs1"]</arg>
<arg>${hotel_booking_lastname}</arg>
<doc>Types the given ``text`` into the text field identified by ``locator``.</doc>
<status status="PASS" start="2026-02-14T16:58:38.061196" elapsed="0.063710"/>
</kw>
<kw name="Get Value" owner="SeleniumLibrary">
<msg time="2026-02-14T16:58:38.135997" level="INFO">${lastName} = lastName</msg>
<var>${lastName}</var>
<arg>//*[@id="input_comp-lt33fcs1"]</arg>
<doc>Returns the value attribute of the element identified by ``locator``.</doc>
<status status="PASS" start="2026-02-14T16:58:38.125050" elapsed="0.010984"/>
</kw>
<kw name="Should Be Equal" owner="BuiltIn">
<arg>${lastName}</arg>
<arg>${hotel_booking_lastname}</arg>
<doc>Fails if the given objects are unequal.</doc>
<status status="PASS" start="2026-02-14T16:58:38.136168" elapsed="0.000338"/>
</kw>
<status status="PASS" start="2026-02-14T16:58:38.060951" elapsed="0.075601"/>
</kw>
<kw name="Input and verify phone" owner="hotel_booking">
<kw name="Input Text" owner="SeleniumLibrary">
<msg time="2026-02-14T16:58:38.137114" level="INFO">Typing text '000000000' into text field '//*[@id="input_comp-lt33fcsi1"]'.</msg>
<arg>//*[@id="input_comp-lt33fcsi1"]</arg>
<arg>${hotel_booking_mobile_phone}</arg>
<doc>Types the given ``text`` into the text field identified by ``locator``.</doc>
<status status="PASS" start="2026-02-14T16:58:38.136954" elapsed="0.112541"/>
</kw>
<kw name="Get Value" owner="SeleniumLibrary">
<msg time="2026-02-14T16:58:38.287202" level="INFO">${phone} = 000000000</msg>
<var>${phone}</var>
<arg>//*[@id="input_comp-lt33fcsi1"]</arg>
<doc>Returns the value attribute of the element identified by ``locator``.</doc>
<status status="PASS" start="2026-02-14T16:58:38.249685" elapsed="0.037549"/>
</kw>
<kw name="Should Be Equal" owner="BuiltIn">
<arg>${phone}</arg>
<arg>${hotel_booking_mobile_phone}</arg>
<doc>Fails if the given objects are unequal.</doc>
<status status="PASS" start="2026-02-14T16:58:38.287336" elapsed="0.000215"/>
</kw>
<status status="PASS" start="2026-02-14T16:58:38.136686" elapsed="0.150903"/>
</kw>
<kw name="Input and verify email" owner="hotel_booking">
<kw name="Input Text" owner="SeleniumLibrary">
<msg time="2026-02-14T16:58:38.288046" level="INFO">Typing text 'studentName@chula.ac.th' into text field '//*[@id="input_comp-lt33fcsf1"]'.</msg>
<arg>//*[@id="input_comp-lt33fcsf1"]</arg>
<arg>${hotel_booking_email}</arg>
<doc>Types the given ``text`` into the text field identified by ``locator``.</doc>
<status status="PASS" start="2026-02-14T16:58:38.287882" elapsed="0.143089"/>
</kw>
<kw name="Get Value" owner="SeleniumLibrary">
<msg time="2026-02-14T16:58:38.436757" level="INFO">${emailAddress} = studentName@chula.ac.th</msg>
<var>${emailAddress}</var>
<arg>//*[@id="input_comp-lt33fcsf1"]</arg>
<doc>Returns the value attribute of the element identified by ``locator``.</doc>
<status status="PASS" start="2026-02-14T16:58:38.431060" elapsed="0.005720"/>
</kw>
<kw name="Should Be Equal" owner="BuiltIn">
<arg>${emailAddress}</arg>
<arg>${hotel_booking_email}</arg>
<doc>Fails if the given objects are unequal.</doc>
<status status="PASS" start="2026-02-14T16:58:38.436873" elapsed="0.000180"/>
</kw>
<status status="PASS" start="2026-02-14T16:58:38.287702" elapsed="0.149388"/>
</kw>
<kw name="Scroll to bottom and wait" owner="hotel_booking">
<kw name="Execute Javascript" owner="SeleniumLibrary">
<msg time="2026-02-14T16:58:38.437509" level="INFO">Executing JavaScript:
window.scrollTo(0, document.body.scrollHeight)
Without any arguments.</msg>
<arg>window.scrollTo(0, document.body.scrollHeight)</arg>
<doc>Executes the given JavaScript code with possible arguments.</doc>
<status status="PASS" start="2026-02-14T16:58:38.437291" elapsed="0.001972"/>
</kw>
<kw name="Sleep" owner="BuiltIn">
<msg time="2026-02-14T16:58:40.439765" level="INFO">Slept 2 seconds.</msg>
<arg>2s</arg>
<doc>Pauses the test executed for the given time.</doc>
<status status="PASS" start="2026-02-14T16:58:38.439313" elapsed="2.000772"/>
</kw>
<status status="PASS" start="2026-02-14T16:58:38.437189" elapsed="2.003167"/>
</kw>
<kw name="Verify numberOfAdult is empty" owner="hotel_booking">
<kw name="Get Value" owner="SeleniumLibrary">
<msg time="2026-02-14T16:58:40.452919" level="INFO">${numberOfAdult} = </msg>
<var>${numberOfAdult}</var>
<arg>//*[@id="collection_comp-lt33fcsl1"]</arg>
<doc>Returns the value attribute of the element identified by ``locator``.</doc>
<status status="PASS" start="2026-02-14T16:58:40.441640" elapsed="0.011360"/>
</kw>
<kw name="Should Be Equal" owner="BuiltIn">
<arg>${numberOfAdult}</arg>
<arg>${EMPTY}</arg>
<doc>Fails if the given objects are unequal.</doc>
<status status="PASS" start="2026-02-14T16:58:40.453319" elapsed="0.001106"/>
</kw>
<status status="PASS" start="2026-02-14T16:58:40.440957" elapsed="0.013573"/>
</kw>
<kw name="Click accept term" owner="hotel_booking">
<kw name="Click Element" owner="commonKeywords">
<kw name="Wait Until Element Is Visible" owner="SeleniumLibrary">
<arg>${locator}</arg>
<arg>timeout=${timeout}</arg>
<doc>Waits until the element ``locator`` is visible.</doc>
<status status="PASS" start="2026-02-14T16:58:40.456517" elapsed="0.012685"/>
</kw>
<kw name="Click Element" owner="SeleniumLibrary">
<msg time="2026-02-14T16:58:40.469807" level="INFO">Clicking element '//*[@id="comp-ltubl84u"]'.</msg>
<arg>${locator}</arg>
<doc>Click the element identified by ``locator``.</doc>
<status status="PASS" start="2026-02-14T16:58:40.469483" elapsed="0.022073"/>
</kw>
<arg>//*[@id="comp-ltubl84u"]</arg>
<doc>${locator} - could be any selenium locator and webelement object
${timeout} - &lt;optional&gt;
Make sure that 15 can be accessed globally</doc>
<status status="PASS" start="2026-02-14T16:58:40.456044" elapsed="0.035643"/>
</kw>
<status status="PASS" start="2026-02-14T16:58:40.454815" elapsed="0.036930"/>
</kw>
<kw name="Click submit form" owner="hotel_booking">
<kw name="Click Element" owner="commonKeywords">
<kw name="Wait Until Element Is Visible" owner="SeleniumLibrary">
<arg>${locator}</arg>
<arg>timeout=${timeout}</arg>
<doc>Waits until the element ``locator`` is visible.</doc>
<status status="PASS" start="2026-02-14T16:58:40.493387" elapsed="0.008763"/>
</kw>
<kw name="Click Element" owner="SeleniumLibrary">
<msg time="2026-02-14T16:58:40.502492" level="INFO">Clicking element '//*[@class="l7_2fn wixui-button__label"]'.</msg>
<arg>${locator}</arg>
<doc>Click the element identified by ``locator``.</doc>
<status status="PASS" start="2026-02-14T16:58:40.502300" elapsed="0.017469"/>
</kw>
<arg>//*[@class="l7_2fn wixui-button__label"]</arg>
<doc>${locator} - could be any selenium locator and webelement object
${timeout} - &lt;optional&gt;
Make sure that 15 can be accessed globally</doc>
<status status="PASS" start="2026-02-14T16:58:40.493140" elapsed="0.026717"/>
</kw>
<status status="PASS" start="2026-02-14T16:58:40.492032" elapsed="0.027876"/>
</kw>
<kw name="Verify missing input message" owner="hotel_booking">
<kw name="Wait Until Element Contains" owner="SeleniumLibrary">
<arg>xpath=//*[contains(text(),'Please complete the booking form.')]</arg>
<arg>${test_data_missing_input_message}</arg>
<doc>Waits until the element ``locator`` contains ``text``.</doc>
<status status="PASS" start="2026-02-14T16:58:40.520342" elapsed="0.007424"/>
</kw>
<status status="PASS" start="2026-02-14T16:58:40.520113" elapsed="0.007729"/>
</kw>
<kw name="Close All Browsers" owner="SeleniumLibrary" type="TEARDOWN">
<doc>Closes all open browsers and resets the browser cache.</doc>
<status status="PASS" start="2026-02-14T16:58:40.528094" elapsed="0.219305"/>
</kw>
<tag>single fault numberOfAdult</tag>
<status status="PASS" start="2026-02-14T16:58:34.078976" elapsed="6.668715"/>
</test>
<status status="FAIL" start="2026-02-14T16:57:56.842254" elapsed="43.906394"/>
</suite>
<statistics>
<total>
<stat pass="5" fail="1" skip="0">All Tests</stat>
</total>
<tag>
<stat pass="0" fail="1" skip="0">All Input</stat>
<stat pass="1" fail="0" skip="0">single fault email</stat>
<stat pass="1" fail="0" skip="0">single fault firstname</stat>
<stat pass="1" fail="0" skip="0">single fault lastname</stat>
<stat pass="1" fail="0" skip="0">single fault numberOfAdult</stat>
<stat pass="1" fail="0" skip="0">single fault phone</stat>
</tag>
<suite>
<stat name="Hotel Booking" id="s1" pass="5" fail="1" skip="0">Hotel Booking</stat>
</suite>
</statistics>
<errors>
<msg time="2026-02-14T16:57:56.933288" level="WARN">Error in file '/Users/ingkharutruttana-o-pha/Desktop/cu_robot_framework/keywords/ui/page/hotel_booking.robot' on line 1: Singular section headers like '*** Setting ***' are deprecated. Use plural format like '*** Settings ***' instead.</msg>
</errors>
</robot>
