<?xml version="1.0" encoding="UTF-8"?>
<robot generator="Robot 7.4.1 (Python 3.14.3 on darwin)" generated="2026-02-14T15:42:40.866144" rpa="false" schemaversion="5">
<suite id="s1" name="Hotel Booking" source="/Users/ingkharutruttana-o-pha/Desktop/cu_robot_framework/testcases/master/hotel_booking.robot">
<test id="s1-t1" name="Verify registration form with all input field" line="8">
<kw name="Open Browser" owner="SeleniumLibrary">
<msg time="2026-02-14T15:42:40.948947" level="INFO">Opening browser 'safari' to base url 'https://panaryco.wixsite.com/myhotel'.</msg>
<arg>${WEB_URL}</arg>
<arg>${WEB_BROWSER}</arg>
<doc>Opens a new browser instance to the optional ``url``.</doc>
<status status="PASS" start="2026-02-14T15:42:40.948825" elapsed="2.348487"/>
</kw>
<kw name="Maximize Browser Window" owner="SeleniumLibrary">
<doc>Maximizes current browser window.</doc>
<status status="PASS" start="2026-02-14T15:42:43.298375" elapsed="0.015950"/>
</kw>
<kw name="Wait Until Element Is Visible" owner="SeleniumLibrary">
<arg>//*[@id="comp-lt33fcq1"]</arg>
<doc>Waits until the element ``locator`` is visible.</doc>
<status status="PASS" start="2026-02-14T15:42:43.314858" elapsed="0.010482"/>
</kw>
<kw name="Input Text" owner="SeleniumLibrary">
<msg time="2026-02-14T15:42:43.326188" level="INFO">Typing text 'firstName' into text field '//*[@id="input_comp-lt33fcq41"]'.</msg>
<arg>//*[@id="input_comp-lt33fcq41"]</arg>
<arg>firstName</arg>
<doc>Types the given ``text`` into the text field identified by ``locator``.</doc>
<status status="PASS" start="2026-02-14T15:42:43.325774" elapsed="0.027705"/>
</kw>
<kw name="Get Value" owner="SeleniumLibrary">
<msg time="2026-02-14T15:42:43.360906" level="INFO">${firstname} = firstName</msg>
<var>${firstname}</var>
<arg>//*[@id="input_comp-lt33fcq41"]</arg>
<doc>Returns the value attribute of the element identified by ``locator``.</doc>
<status status="PASS" start="2026-02-14T15:42:43.353851" elapsed="0.007097"/>
</kw>
<kw name="Should Be Equal" owner="BuiltIn">
<arg>${firstname}</arg>
<arg>${hotel_booking_firstname}</arg>
<doc>Fails if the given objects are unequal.</doc>
<status status="PASS" start="2026-02-14T15:42:43.361229" elapsed="0.000567"/>
</kw>
<kw name="Input Text" owner="SeleniumLibrary">
<msg time="2026-02-14T15:42:43.362219" level="INFO">Typing text 'lastName' into text field '//*[@id="input_comp-lt33fcs1"]'.</msg>
<arg>//*[@id="input_comp-lt33fcs1"]</arg>
<arg>lastName</arg>
<doc>Types the given ``text`` into the text field identified by ``locator``.</doc>
<status status="PASS" start="2026-02-14T15:42:43.361961" elapsed="0.025074"/>
</kw>
<kw name="Get Value" owner="SeleniumLibrary">
<msg time="2026-02-14T15:42:43.392112" level="INFO">${lastName} = lastName</msg>
<var>${lastName}</var>
<arg>//*[@id="input_comp-lt33fcs1"]</arg>
<doc>Returns the value attribute of the element identified by ``locator``.</doc>
<status status="PASS" start="2026-02-14T15:42:43.387238" elapsed="0.004915"/>
</kw>
<kw name="Should Be Equal" owner="BuiltIn">
<arg>${lastName}</arg>
<arg>${hotel_booking_lastname}</arg>
<doc>Fails if the given objects are unequal.</doc>
<status status="PASS" start="2026-02-14T15:42:43.392354" elapsed="0.000743"/>
</kw>
<kw name="Input Text" owner="SeleniumLibrary">
<msg time="2026-02-14T15:42:43.393621" level="INFO">Typing text '000000000' into text field '//*[@id="input_comp-lt33fcsi1"]'.</msg>
<arg>//*[@id="input_comp-lt33fcsi1"]</arg>
<arg>000000000</arg>
<doc>Types the given ``text`` into the text field identified by ``locator``.</doc>
<status status="PASS" start="2026-02-14T15:42:43.393389" elapsed="0.021928"/>
</kw>
<kw name="Get Value" owner="SeleniumLibrary">
<msg time="2026-02-14T15:42:43.422599" level="INFO">${phone} = 000000000</msg>
<var>${phone}</var>
<arg>//*[@id="input_comp-lt33fcsi1"]</arg>
<doc>Returns the value attribute of the element identified by ``locator``.</doc>
<status status="PASS" start="2026-02-14T15:42:43.415760" elapsed="0.006928"/>
</kw>
<kw name="Should Be Equal" owner="BuiltIn">
<arg>${phone}</arg>
<arg>${hotel_booking_mobile_phone}</arg>
<doc>Fails if the given objects are unequal.</doc>
<status status="PASS" start="2026-02-14T15:42:43.423083" elapsed="0.000684"/>
</kw>
<kw name="Input Text" owner="SeleniumLibrary">
<msg time="2026-02-14T15:42:43.424378" level="INFO">Typing text 'studentName@chula.ac.th' into text field '//*[@id="input_comp-lt33fcsf1"]'.</msg>
<arg>//*[@id="input_comp-lt33fcsf1"]</arg>
<arg>studentName@chula.ac.th</arg>
<doc>Types the given ``text`` into the text field identified by ``locator``.</doc>
<status status="PASS" start="2026-02-14T15:42:43.424050" elapsed="0.036508"/>
</kw>
<kw name="Get Value" owner="SeleniumLibrary">
<msg time="2026-02-14T15:42:43.465727" level="INFO">${emailAddress} = studentName@chula.ac.th</msg>
<var>${emailAddress}</var>
<arg>//*[@id="input_comp-lt33fcsf1"]</arg>
<doc>Returns the value attribute of the element identified by ``locator``.</doc>
<status status="PASS" start="2026-02-14T15:42:43.460881" elapsed="0.004881"/>
</kw>
<kw name="Should Be Equal" owner="BuiltIn">
<arg>${emailAddress}</arg>
<arg>${hotel_booking_email}</arg>
<doc>Fails if the given objects are unequal.</doc>
<status status="PASS" start="2026-02-14T15:42:43.465932" elapsed="0.000320"/>
</kw>
<kw name="Execute Javascript" owner="SeleniumLibrary">
<msg time="2026-02-14T15:42:43.466903" level="INFO">Executing JavaScript:
window.scrollTo(0, document.body.scrollHeight)
Without any arguments.</msg>
<arg>window.scrollTo(0, document.body.scrollHeight)</arg>
<doc>Executes the given JavaScript code with possible arguments.</doc>
<status status="PASS" start="2026-02-14T15:42:43.466439" elapsed="0.002689"/>
</kw>
<kw name="Sleep" owner="BuiltIn">
<msg time="2026-02-14T15:42:45.469851" level="INFO">Slept 2 seconds.</msg>
<arg>2s</arg>
<doc>Pauses the test executed for the given time.</doc>
<status status="PASS" start="2026-02-14T15:42:43.469291" elapsed="2.000907"/>
</kw>
<kw name="Click Element" owner="SeleniumLibrary">
<msg time="2026-02-14T15:42:45.471436" level="INFO">Clicking element '//*[@id="collection_comp-lt33fcsl1"]'.</msg>
<arg>//*[@id="collection_comp-lt33fcsl1"]</arg>
<doc>Click the element identified by ``locator``.</doc>
<status status="PASS" start="2026-02-14T15:42:45.470850" elapsed="0.037969"/>
</kw>
<kw name="Wait Until Element Is Visible" owner="SeleniumLibrary">
<arg>//*[@id="menuitem-1"]</arg>
<doc>Waits until the element ``locator`` is visible.</doc>
<status status="PASS" start="2026-02-14T15:42:45.509033" elapsed="0.010027"/>
</kw>
<kw name="Click Element" owner="SeleniumLibrary">
<msg time="2026-02-14T15:42:45.519711" level="INFO">Clicking element '//*[@id="menuitem-1"]'.</msg>
<arg>//*[@id="menuitem-1"]</arg>
<doc>Click the element identified by ``locator``.</doc>
<status status="PASS" start="2026-02-14T15:42:45.519336" elapsed="0.030916"/>
</kw>
<kw name="Get Value" owner="SeleniumLibrary">
<msg time="2026-02-14T15:42:45.557000" level="INFO">${numberOfAdult} = 2</msg>
<var>${numberOfAdult}</var>
<arg>//*[@id="collection_comp-lt33fcsl1"]</arg>
<doc>Returns the value attribute of the element identified by ``locator``.</doc>
<status status="PASS" start="2026-02-14T15:42:45.550483" elapsed="0.006574"/>
</kw>
<kw name="Should Be Equal" owner="BuiltIn">
<arg>${numberOfAdult}</arg>
<arg>${number_of_adults}</arg>
<doc>Fails if the given objects are unequal.</doc>
<status status="PASS" start="2026-02-14T15:42:45.557293" elapsed="0.000396"/>
</kw>
<kw name="Click Element" owner="SeleniumLibrary">
<msg time="2026-02-14T15:42:45.558075" level="INFO">Clicking element '//div[@data-testid="radioGroup"]//*[text()="Yes"]'.</msg>
<arg>//div[@data-testid="radioGroup"]//*[text()="Yes"]</arg>
<doc>Click the element identified by ``locator``.</doc>
<status status="PASS" start="2026-02-14T15:42:45.557870" elapsed="0.029765"/>
</kw>
<kw name="Input Text" owner="SeleniumLibrary">
<msg time="2026-02-14T15:42:45.588160" level="INFO">Typing text 'note' into text field '//*[@id="input_comp-lt33fct3"]'.</msg>
<arg>//*[@id="input_comp-lt33fct3"]</arg>
<arg>note</arg>
<doc>Types the given ``text`` into the text field identified by ``locator``.</doc>
<status status="PASS" start="2026-02-14T15:42:45.587899" elapsed="0.023484"/>
</kw>
<kw name="Get Value" owner="SeleniumLibrary">
<msg time="2026-02-14T15:42:45.618672" level="INFO">${note} = note</msg>
<var>${note}</var>
<arg>//*[@id="input_comp-lt33fct3"]</arg>
<doc>Returns the value attribute of the element identified by ``locator``.</doc>
<status status="PASS" start="2026-02-14T15:42:45.611890" elapsed="0.006833"/>
</kw>
<kw name="Should Be Equal" owner="BuiltIn">
<arg>${note}</arg>
<arg>${hotel_booking_note}</arg>
<doc>Fails if the given objects are unequal.</doc>
<status status="PASS" start="2026-02-14T15:42:45.618974" elapsed="0.000421"/>
</kw>
<kw name="Click Element" owner="SeleniumLibrary">
<msg time="2026-02-14T15:42:45.619741" level="INFO">Clicking element '//*[@id="comp-ltubl84u"]'.</msg>
<arg>//*[@id="comp-ltubl84u"]</arg>
<doc>Click the element identified by ``locator``.</doc>
<status status="PASS" start="2026-02-14T15:42:45.619570" elapsed="0.018104"/>
</kw>
<kw name="Click Element" owner="SeleniumLibrary">
<msg time="2026-02-14T15:42:45.638250" level="INFO">Clicking element '//*[@class="l7_2fn wixui-button__label"]'.</msg>
<arg>//*[@class="l7_2fn wixui-button__label"]</arg>
<doc>Click the element identified by ``locator``.</doc>
<status status="PASS" start="2026-02-14T15:42:45.637999" elapsed="0.028678"/>
</kw>
<kw name="Wait Until Element Contains" owner="SeleniumLibrary">
<msg time="2026-02-14T15:42:50.952593" level="INFO" html="true">&lt;/td&gt;&lt;/tr&gt;&lt;tr&gt;&lt;td colspan="3"&gt;&lt;a href="selenium-screenshot-7.png"&gt;&lt;img src="selenium-screenshot-7.png" width="800px"&gt;&lt;/a&gt;</msg>
<msg time="2026-02-14T15:42:50.953052" level="FAIL">Element with locator '//*[@class="wixui-rich-text__text wixui-rich-text__text wixui-rich-text__text"]' not found.</msg>
<arg>//*[@class="wixui-rich-text__text wixui-rich-text__text wixui-rich-text__text"]</arg>
<arg>${test_data_sccess_submit_message}</arg>
<doc>Waits until the element ``locator`` contains ``text``.</doc>
<status status="FAIL" start="2026-02-14T15:42:45.666807" elapsed="5.290519">Element with locator '//*[@class="wixui-rich-text__text wixui-rich-text__text wixui-rich-text__text"]' not found.</status>
</kw>
<kw name="Close All Browsers" owner="SeleniumLibrary" type="TEARDOWN">
<doc>Closes all open browsers and resets the browser cache.</doc>
<status status="PASS" start="2026-02-14T15:42:50.958436" elapsed="0.241143"/>
</kw>
<tag>All Input</tag>
<status status="FAIL" start="2026-02-14T15:42:40.948434" elapsed="10.251433">Element with locator '//*[@class="wixui-rich-text__text wixui-rich-text__text wixui-rich-text__text"]' not found.</status>
</test>
<status status="FAIL" start="2026-02-14T15:42:40.866842" elapsed="10.333679"/>
</suite>
<statistics>
<total>
<stat pass="0" fail="1" skip="0">All Tests</stat>
</total>
<tag>
<stat pass="0" fail="1" skip="0">All Input</stat>
</tag>
<suite>
<stat name="Hotel Booking" id="s1" pass="0" fail="1" skip="0">Hotel Booking</stat>
</suite>
</statistics>
<errors>
</errors>
</robot>
